=== AVG A clipped finger-spin seeds 2,3 started Wed May  6 19:39:39 CEST 2026 ===
=== seed 2 started Wed May  6 19:39:39 CEST 2026 ===

======================================================================
AVG Algorithm - Faithful Implementation with Scaling Ablations
======================================================================
Variant: avg_A_clip
Scaling Mode: td_only
TD-error scaling only (baseline from paper)
LayerNorm in hidden layers: NO (vanilla AVG)
Environment: finger-spin-v0 (dmcontrol)
Total Steps: 1000000
Seed: 2
======================================================================

[EVAL] step = 10000 mean = 1.60 std = 2.65
[EVAL] step = 20000 mean = 0.30 std = 0.90
[EVAL] step = 30000 mean = 0.00 std = 0.00
[EVAL] step = 40000 mean = 8.80 std = 7.40
[EVAL] step = 50000 mean = 6.40 std = 6.74
[EVAL] step = 60000 mean = 18.20 std = 5.25
[EVAL] step = 70000 mean = 44.70 std = 11.35
[EVAL] step = 80000 mean = 55.70 std = 11.18
[EVAL] step = 90000 mean = 45.70 std = 47.47
[EVAL] step = 100000 mean = 102.00 std = 19.30
[EVAL] step = 110000 mean = 102.00 std = 69.82
[EVAL] step = 120000 mean = 156.10 std = 28.55
[EVAL] step = 130000 mean = 216.30 std = 18.49
[EVAL] step = 140000 mean = 257.20 std = 23.74
[EVAL] step = 150000 mean = 253.20 std = 22.26
[EVAL] step = 160000 mean = 290.10 std = 30.44
[EVAL] step = 170000 mean = 211.80 std = 25.05
[EVAL] step = 180000 mean = 297.30 std = 17.98
[EVAL] step = 190000 mean = 339.30 std = 10.20
[EVAL] step = 200000 mean = 359.30 std = 21.45
[EVAL] step = 210000 mean = 360.20 std = 27.51
[EVAL] step = 220000 mean = 324.10 std = 7.02
[EVAL] step = 230000 mean = 344.30 std = 16.36
[EVAL] step = 240000 mean = 374.80 std = 11.66
[EVAL] step = 250000 mean = 364.10 std = 16.63
[EVAL] step = 260000 mean = 379.40 std = 23.79
[EVAL] step = 270000 mean = 402.80 std = 34.40
[EVAL] step = 280000 mean = 359.20 std = 17.62
[EVAL] step = 290000 mean = 377.60 std = 19.32
[EVAL] step = 300000 mean = 406.70 std = 25.62
[EVAL] step = 310000 mean = 367.10 std = 20.67
[EVAL] step = 320000 mean = 420.00 std = 16.14
[EVAL] step = 330000 mean = 389.90 std = 21.65
[EVAL] step = 340000 mean = 351.50 std = 8.97
[EVAL] step = 350000 mean = 363.10 std = 16.92
[EVAL] step = 360000 mean = 432.70 std = 15.07
[EVAL] step = 370000 mean = 417.70 std = 21.75
[EVAL] step = 380000 mean = 363.80 std = 19.12
[EVAL] step = 390000 mean = 380.30 std = 24.99
[EVAL] step = 400000 mean = 413.60 std = 17.28
[EVAL] step = 410000 mean = 322.40 std = 69.12
[EVAL] step = 420000 mean = 373.00 std = 16.46
[EVAL] step = 430000 mean = 395.30 std = 9.27
[EVAL] step = 440000 mean = 348.10 std = 8.96
[EVAL] step = 450000 mean = 385.50 std = 27.17
[EVAL] step = 460000 mean = 409.10 std = 13.59
[EVAL] step = 470000 mean = 407.80 std = 18.13
[EVAL] step = 480000 mean = 421.70 std = 17.08
[EVAL] step = 490000 mean = 403.60 std = 30.99
[EVAL] step = 500000 mean = 410.80 std = 15.40
[EVAL] step = 510000 mean = 408.80 std = 21.76
[EVAL] step = 520000 mean = 426.10 std = 17.86
[EVAL] step = 530000 mean = 413.60 std = 22.21
[EVAL] step = 540000 mean = 378.20 std = 28.50
[EVAL] step = 550000 mean = 363.60 std = 10.58
[EVAL] step = 560000 mean = 399.20 std = 27.94
[EVAL] step = 570000 mean = 4.40 std = 6.87
[EVAL] step = 580000 mean = 276.60 std = 22.69
[EVAL] step = 590000 mean = 369.40 std = 32.92
[EVAL] step = 600000 mean = 426.30 std = 23.43
[EVAL] step = 610000 mean = 367.70 std = 39.50
[EVAL] step = 620000 mean = 424.70 std = 40.73
[EVAL] step = 630000 mean = 301.80 std = 55.38
[EVAL] step = 640000 mean = 452.10 std = 24.70
[EVAL] step = 650000 mean = 453.50 std = 19.43
[EVAL] step = 660000 mean = 423.80 std = 30.09
[EVAL] step = 670000 mean = 482.00 std = 12.77
[EVAL] step = 680000 mean = 410.20 std = 36.99
[EVAL] step = 690000 mean = 453.20 std = 25.86
[EVAL] step = 700000 mean = 478.50 std = 25.58
[EVAL] step = 710000 mean = 455.60 std = 29.37
[EVAL] step = 720000 mean = 490.30 std = 27.60
[EVAL] step = 730000 mean = 479.80 std = 20.43
[EVAL] step = 740000 mean = 463.90 std = 20.02
[EVAL] step = 750000 mean = 459.30 std = 28.34
[EVAL] step = 760000 mean = 474.50 std = 28.47
[EVAL] step = 770000 mean = 441.20 std = 27.97
[EVAL] step = 780000 mean = 467.70 std = 35.42
[EVAL] step = 790000 mean = 436.10 std = 34.58
[EVAL] step = 800000 mean = 502.30 std = 24.35
[EVAL] step = 810000 mean = 527.50 std = 16.77
[EVAL] step = 820000 mean = 501.00 std = 31.12
[EVAL] step = 830000 mean = 469.50 std = 22.25
[EVAL] step = 840000 mean = 483.80 std = 31.79
[EVAL] step = 850000 mean = 485.50 std = 31.12
[EVAL] step = 860000 mean = 428.10 std = 27.71
[EVAL] step = 870000 mean = 482.30 std = 37.99
[EVAL] step = 880000 mean = 438.00 std = 26.73
[EVAL] step = 890000 mean = 484.90 std = 25.00
[EVAL] step = 900000 mean = 493.60 std = 22.63
[EVAL] step = 910000 mean = 439.00 std = 26.60
[EVAL] step = 920000 mean = 505.80 std = 35.54
[EVAL] step = 930000 mean = 501.30 std = 41.98
[EVAL] step = 940000 mean = 538.20 std = 24.17
[EVAL] step = 950000 mean = 517.50 std = 40.08
[EVAL] step = 960000 mean = 491.00 std = 31.73
[EVAL] step = 970000 mean = 434.70 std = 18.17
[EVAL] step = 980000 mean = 496.90 std = 20.98
[EVAL] step = 990000 mean = 485.70 std = 32.47
[EVAL] step = 1000000 mean = 472.70 std = 25.06
=== seed 2 finished Wed May  6 20:04:48 CEST 2026 ===
=== seed 3 started Wed May  6 20:04:48 CEST 2026 ===

======================================================================
AVG Algorithm - Faithful Implementation with Scaling Ablations
======================================================================
Variant: avg_A_clip
Scaling Mode: td_only
TD-error scaling only (baseline from paper)
LayerNorm in hidden layers: NO (vanilla AVG)
Environment: finger-spin-v0 (dmcontrol)
Total Steps: 1000000
Seed: 3
======================================================================

[EVAL] step = 10000 mean = 1.50 std = 2.11
[EVAL] step = 20000 mean = 6.20 std = 4.24
[EVAL] step = 30000 mean = 11.20 std = 7.87
[EVAL] step = 40000 mean = 10.30 std = 6.15
[EVAL] step = 50000 mean = 13.10 std = 7.20
[EVAL] step = 60000 mean = 15.20 std = 11.57
[EVAL] step = 70000 mean = 58.20 std = 18.69
[EVAL] step = 80000 mean = 154.40 std = 24.52
[EVAL] step = 90000 mean = 161.10 std = 18.76
[EVAL] step = 100000 mean = 140.80 std = 23.12
[EVAL] step = 110000 mean = 127.30 std = 25.83
[EVAL] step = 120000 mean = 90.20 std = 18.36
[EVAL] step = 130000 mean = 239.00 std = 11.13
[EVAL] step = 140000 mean = 225.20 std = 23.44
[EVAL] step = 150000 mean = 274.80 std = 27.35
[EVAL] step = 160000 mean = 244.90 std = 45.11
[EVAL] step = 170000 mean = 278.10 std = 37.14
[EVAL] step = 180000 mean = 310.70 std = 27.63
[EVAL] step = 190000 mean = 340.00 std = 12.95
[EVAL] step = 200000 mean = 348.70 std = 20.31
[EVAL] step = 210000 mean = 369.80 std = 14.34
[EVAL] step = 220000 mean = 389.00 std = 18.37
[EVAL] step = 230000 mean = 295.80 std = 18.18
[EVAL] step = 240000 mean = 376.80 std = 18.81
[EVAL] step = 250000 mean = 387.90 std = 18.42
[EVAL] step = 260000 mean = 391.60 std = 25.51
[EVAL] step = 270000 mean = 391.70 std = 26.29
[EVAL] step = 280000 mean = 429.10 std = 12.05
[EVAL] step = 290000 mean = 413.80 std = 23.38
[EVAL] step = 300000 mean = 395.90 std = 18.10
[EVAL] step = 310000 mean = 378.00 std = 11.64
[EVAL] step = 320000 mean = 394.40 std = 10.37
[EVAL] step = 330000 mean = 406.70 std = 18.63
[EVAL] step = 340000 mean = 401.60 std = 18.29
[EVAL] step = 350000 mean = 419.10 std = 22.62
[EVAL] step = 360000 mean = 373.10 std = 10.24
[EVAL] step = 370000 mean = 399.90 std = 12.16
[EVAL] step = 380000 mean = 390.10 std = 16.33
[EVAL] step = 390000 mean = 424.00 std = 14.83
[EVAL] step = 400000 mean = 405.60 std = 16.09
[EVAL] step = 410000 mean = 402.00 std = 12.82
[EVAL] step = 420000 mean = 405.50 std = 22.29
[EVAL] step = 430000 mean = 415.10 std = 14.37
[EVAL] step = 440000 mean = 411.70 std = 22.50
[EVAL] step = 450000 mean = 436.00 std = 11.65
[EVAL] step = 460000 mean = 423.80 std = 12.87
[EVAL] step = 470000 mean = 448.90 std = 10.81
[EVAL] step = 480000 mean = 408.00 std = 23.39
[EVAL] step = 490000 mean = 426.70 std = 28.56
[EVAL] step = 500000 mean = 375.10 std = 45.22
[EVAL] step = 510000 mean = 426.50 std = 17.65
[EVAL] step = 520000 mean = 420.10 std = 19.94
[EVAL] step = 530000 mean = 411.60 std = 18.55
[EVAL] step = 540000 mean = 424.60 std = 14.36
[EVAL] step = 550000 mean = 427.70 std = 14.99
[EVAL] step = 560000 mean = 396.00 std = 15.15
[EVAL] step = 570000 mean = 427.30 std = 19.19
[EVAL] step = 580000 mean = 403.60 std = 10.31
[EVAL] step = 590000 mean = 424.50 std = 13.46
[EVAL] step = 600000 mean = 392.60 std = 15.67
[EVAL] step = 610000 mean = 411.50 std = 27.18
[EVAL] step = 620000 mean = 439.70 std = 11.46
[EVAL] step = 630000 mean = 449.70 std = 14.01
[EVAL] step = 640000 mean = 444.40 std = 23.73
[EVAL] step = 650000 mean = 445.60 std = 7.31
[EVAL] step = 660000 mean = 436.40 std = 11.57
[EVAL] step = 670000 mean = 407.60 std = 19.04
[EVAL] step = 680000 mean = 460.60 std = 6.97
[EVAL] step = 690000 mean = 444.90 std = 13.16
[EVAL] step = 700000 mean = 420.50 std = 12.99
[EVAL] step = 710000 mean = 452.50 std = 10.73
[EVAL] step = 720000 mean = 448.60 std = 11.98
[EVAL] step = 730000 mean = 453.10 std = 8.70
[EVAL] step = 740000 mean = 462.90 std = 7.82
[EVAL] step = 750000 mean = 402.40 std = 14.75
[EVAL] step = 760000 mean = 411.60 std = 15.48
[EVAL] step = 770000 mean = 431.80 std = 15.84
[EVAL] step = 780000 mean = 434.60 std = 16.48
[EVAL] step = 790000 mean = 439.30 std = 9.38
[EVAL] step = 800000 mean = 419.00 std = 21.41
[EVAL] step = 810000 mean = 432.60 std = 19.19
[EVAL] step = 820000 mean = 388.40 std = 24.17
[EVAL] step = 830000 mean = 452.50 std = 12.88
[EVAL] step = 840000 mean = 403.80 std = 15.08
[EVAL] step = 850000 mean = 447.10 std = 12.83
[EVAL] step = 860000 mean = 437.70 std = 14.01
[EVAL] step = 870000 mean = 448.50 std = 14.75
[EVAL] step = 880000 mean = 439.70 std = 9.41
[EVAL] step = 890000 mean = 442.50 std = 12.08
[EVAL] step = 900000 mean = 434.40 std = 12.99
[EVAL] step = 910000 mean = 439.80 std = 7.81
[EVAL] step = 920000 mean = 452.80 std = 7.33
[EVAL] step = 930000 mean = 444.30 std = 15.82
[EVAL] step = 940000 mean = 442.40 std = 15.77
[EVAL] step = 950000 mean = 439.10 std = 18.68
[EVAL] step = 960000 mean = 442.80 std = 14.69
[EVAL] step = 970000 mean = 446.30 std = 15.40
[EVAL] step = 980000 mean = 465.70 std = 10.56
[EVAL] step = 990000 mean = 453.90 std = 15.76
[EVAL] step = 1000000 mean = 436.50 std = 19.41
=== seed 3 finished Wed May  6 20:27:49 CEST 2026 ===
=== AVG A clipped finger-spin seeds 2,3 finished Wed May  6 20:27:49 CEST 2026 ===
