Missing or incomplete eval.csv files:
  results/mujoco/avg_default_ln/HalfCheetah-v4/seed_1/eval.csv
  results/mujoco/avg_default_ln/HalfCheetah-v4/seed_2/eval.csv
  results/mujoco/avg_default_ln/HalfCheetah-v4/seed_3/eval.csv
  results/mujoco/avg_default_reward_ln/HalfCheetah-v4/seed_1/eval.csv
  results/mujoco/avg_default_reward_ln/HalfCheetah-v4/seed_2/eval.csv
  results/mujoco/avg_default_reward_ln/HalfCheetah-v4/seed_3/eval.csv
  results/mujoco/avg_default_reward_entropy_ln/HalfCheetah-v4/seed_1/eval.csv
  results/mujoco/avg_default_reward_entropy_ln/HalfCheetah-v4/seed_2/eval.csv
  results/mujoco/avg_default_reward_entropy_ln/HalfCheetah-v4/seed_3/eval.csv
Waiting 60s before checking again...
Missing or incomplete eval.csv files:
  results/mujoco/avg_default_ln/HalfCheetah-v4/seed_1/eval.csv
  results/mujoco/avg_default_ln/HalfCheetah-v4/seed_2/eval.csv
  results/mujoco/avg_default_ln/HalfCheetah-v4/seed_3/eval.csv
  results/mujoco/avg_default_reward_ln/HalfCheetah-v4/seed_1/eval.csv
  results/mujoco/avg_default_reward_ln/HalfCheetah-v4/seed_2/eval.csv
  results/mujoco/avg_default_reward_ln/HalfCheetah-v4/seed_3/eval.csv
  results/mujoco/avg_default_reward_entropy_ln/HalfCheetah-v4/seed_1/eval.csv
  results/mujoco/avg_default_reward_entropy_ln/HalfCheetah-v4/seed_2/eval.csv
  results/mujoco/avg_default_reward_entropy_ln/HalfCheetah-v4/seed_3/eval.csv
Waiting 60s before checking again...
Missing or incomplete eval.csv files:
  results/mujoco/avg_default_ln/HalfCheetah-v4/seed_1/eval.csv
  results/mujoco/avg_default_ln/HalfCheetah-v4/seed_2/eval.csv
  results/mujoco/avg_default_ln/HalfCheetah-v4/seed_3/eval.csv
  results/mujoco/avg_default_reward_ln/HalfCheetah-v4/seed_1/eval.csv
  results/mujoco/avg_default_reward_ln/HalfCheetah-v4/seed_2/eval.csv
  results/mujoco/avg_default_reward_ln/HalfCheetah-v4/seed_3/eval.csv
  results/mujoco/avg_default_reward_entropy_ln/HalfCheetah-v4/seed_1/eval.csv
  results/mujoco/avg_default_reward_entropy_ln/HalfCheetah-v4/seed_2/eval.csv
  results/mujoco/avg_default_reward_entropy_ln/HalfCheetah-v4/seed_3/eval.csv
Waiting 60s before checking again...
Missing or incomplete eval.csv files:
  results/mujoco/avg_default_ln/HalfCheetah-v4/seed_1/eval.csv
  results/mujoco/avg_default_ln/HalfCheetah-v4/seed_2/eval.csv
  results/mujoco/avg_default_ln/HalfCheetah-v4/seed_3/eval.csv
  results/mujoco/avg_default_reward_ln/HalfCheetah-v4/seed_1/eval.csv
  results/mujoco/avg_default_reward_ln/HalfCheetah-v4/seed_2/eval.csv
  results/mujoco/avg_default_reward_ln/HalfCheetah-v4/seed_3/eval.csv
  results/mujoco/avg_default_reward_entropy_ln/HalfCheetah-v4/seed_1/eval.csv
  results/mujoco/avg_default_reward_entropy_ln/HalfCheetah-v4/seed_2/eval.csv
  results/mujoco/avg_default_reward_entropy_ln/HalfCheetah-v4/seed_3/eval.csv
Waiting 60s before checking again...
Missing or incomplete eval.csv files:
  results/mujoco/avg_default_ln/HalfCheetah-v4/seed_2/eval.csv
  results/mujoco/avg_default_ln/HalfCheetah-v4/seed_3/eval.csv
  results/mujoco/avg_default_reward_ln/HalfCheetah-v4/seed_1/eval.csv
  results/mujoco/avg_default_reward_ln/HalfCheetah-v4/seed_2/eval.csv
  results/mujoco/avg_default_reward_ln/HalfCheetah-v4/seed_3/eval.csv
  results/mujoco/avg_default_reward_entropy_ln/HalfCheetah-v4/seed_1/eval.csv
  results/mujoco/avg_default_reward_entropy_ln/HalfCheetah-v4/seed_2/eval.csv
  results/mujoco/avg_default_reward_entropy_ln/HalfCheetah-v4/seed_3/eval.csv
Waiting 60s before checking again...
Missing or incomplete eval.csv files:
  results/mujoco/avg_default_ln/HalfCheetah-v4/seed_2/eval.csv
  results/mujoco/avg_default_ln/HalfCheetah-v4/seed_3/eval.csv
  results/mujoco/avg_default_reward_ln/HalfCheetah-v4/seed_1/eval.csv
  results/mujoco/avg_default_reward_ln/HalfCheetah-v4/seed_2/eval.csv
  results/mujoco/avg_default_reward_ln/HalfCheetah-v4/seed_3/eval.csv
  results/mujoco/avg_default_reward_entropy_ln/HalfCheetah-v4/seed_1/eval.csv
  results/mujoco/avg_default_reward_entropy_ln/HalfCheetah-v4/seed_2/eval.csv
  results/mujoco/avg_default_reward_entropy_ln/HalfCheetah-v4/seed_3/eval.csv
Waiting 60s before checking again...
Missing or incomplete eval.csv files:
  results/mujoco/avg_default_ln/HalfCheetah-v4/seed_2/eval.csv
  results/mujoco/avg_default_ln/HalfCheetah-v4/seed_3/eval.csv
  results/mujoco/avg_default_reward_ln/HalfCheetah-v4/seed_1/eval.csv
  results/mujoco/avg_default_reward_ln/HalfCheetah-v4/seed_2/eval.csv
  results/mujoco/avg_default_reward_ln/HalfCheetah-v4/seed_3/eval.csv
  results/mujoco/avg_default_reward_entropy_ln/HalfCheetah-v4/seed_1/eval.csv
  results/mujoco/avg_default_reward_entropy_ln/HalfCheetah-v4/seed_2/eval.csv
  results/mujoco/avg_default_reward_entropy_ln/HalfCheetah-v4/seed_3/eval.csv
Waiting 60s before checking again...
Missing or incomplete eval.csv files:
  results/mujoco/avg_default_ln/HalfCheetah-v4/seed_2/eval.csv
  results/mujoco/avg_default_ln/HalfCheetah-v4/seed_3/eval.csv
  results/mujoco/avg_default_reward_ln/HalfCheetah-v4/seed_1/eval.csv
  results/mujoco/avg_default_reward_ln/HalfCheetah-v4/seed_2/eval.csv
  results/mujoco/avg_default_reward_ln/HalfCheetah-v4/seed_3/eval.csv
  results/mujoco/avg_default_reward_entropy_ln/HalfCheetah-v4/seed_1/eval.csv
  results/mujoco/avg_default_reward_entropy_ln/HalfCheetah-v4/seed_2/eval.csv
  results/mujoco/avg_default_reward_entropy_ln/HalfCheetah-v4/seed_3/eval.csv
Waiting 60s before checking again...
Missing or incomplete eval.csv files:
  results/mujoco/avg_default_ln/HalfCheetah-v4/seed_2/eval.csv
  results/mujoco/avg_default_ln/HalfCheetah-v4/seed_3/eval.csv
  results/mujoco/avg_default_reward_ln/HalfCheetah-v4/seed_1/eval.csv
  results/mujoco/avg_default_reward_ln/HalfCheetah-v4/seed_2/eval.csv
  results/mujoco/avg_default_reward_ln/HalfCheetah-v4/seed_3/eval.csv
  results/mujoco/avg_default_reward_entropy_ln/HalfCheetah-v4/seed_1/eval.csv
  results/mujoco/avg_default_reward_entropy_ln/HalfCheetah-v4/seed_2/eval.csv
  results/mujoco/avg_default_reward_entropy_ln/HalfCheetah-v4/seed_3/eval.csv
Waiting 60s before checking again...
Missing or incomplete eval.csv files:
  results/mujoco/avg_default_ln/HalfCheetah-v4/seed_2/eval.csv
  results/mujoco/avg_default_ln/HalfCheetah-v4/seed_3/eval.csv
  results/mujoco/avg_default_reward_ln/HalfCheetah-v4/seed_1/eval.csv
  results/mujoco/avg_default_reward_ln/HalfCheetah-v4/seed_2/eval.csv
  results/mujoco/avg_default_reward_ln/HalfCheetah-v4/seed_3/eval.csv
  results/mujoco/avg_default_reward_entropy_ln/HalfCheetah-v4/seed_1/eval.csv
  results/mujoco/avg_default_reward_entropy_ln/HalfCheetah-v4/seed_2/eval.csv
  results/mujoco/avg_default_reward_entropy_ln/HalfCheetah-v4/seed_3/eval.csv
Waiting 60s before checking again...
Missing or incomplete eval.csv files:
  results/mujoco/avg_default_ln/HalfCheetah-v4/seed_2/eval.csv
  results/mujoco/avg_default_ln/HalfCheetah-v4/seed_3/eval.csv
  results/mujoco/avg_default_reward_ln/HalfCheetah-v4/seed_1/eval.csv
  results/mujoco/avg_default_reward_ln/HalfCheetah-v4/seed_2/eval.csv
  results/mujoco/avg_default_reward_ln/HalfCheetah-v4/seed_3/eval.csv
  results/mujoco/avg_default_reward_entropy_ln/HalfCheetah-v4/seed_1/eval.csv
  results/mujoco/avg_default_reward_entropy_ln/HalfCheetah-v4/seed_2/eval.csv
  results/mujoco/avg_default_reward_entropy_ln/HalfCheetah-v4/seed_3/eval.csv
Waiting 60s before checking again...
Missing or incomplete eval.csv files:
  results/mujoco/avg_default_ln/HalfCheetah-v4/seed_2/eval.csv
  results/mujoco/avg_default_ln/HalfCheetah-v4/seed_3/eval.csv
  results/mujoco/avg_default_reward_ln/HalfCheetah-v4/seed_1/eval.csv
  results/mujoco/avg_default_reward_ln/HalfCheetah-v4/seed_2/eval.csv
  results/mujoco/avg_default_reward_ln/HalfCheetah-v4/seed_3/eval.csv
  results/mujoco/avg_default_reward_entropy_ln/HalfCheetah-v4/seed_1/eval.csv
  results/mujoco/avg_default_reward_entropy_ln/HalfCheetah-v4/seed_2/eval.csv
  results/mujoco/avg_default_reward_entropy_ln/HalfCheetah-v4/seed_3/eval.csv
Waiting 60s before checking again...
Missing or incomplete eval.csv files:
  results/mujoco/avg_default_ln/HalfCheetah-v4/seed_2/eval.csv
  results/mujoco/avg_default_ln/HalfCheetah-v4/seed_3/eval.csv
  results/mujoco/avg_default_reward_ln/HalfCheetah-v4/seed_1/eval.csv
  results/mujoco/avg_default_reward_ln/HalfCheetah-v4/seed_2/eval.csv
  results/mujoco/avg_default_reward_ln/HalfCheetah-v4/seed_3/eval.csv
  results/mujoco/avg_default_reward_entropy_ln/HalfCheetah-v4/seed_1/eval.csv
  results/mujoco/avg_default_reward_entropy_ln/HalfCheetah-v4/seed_2/eval.csv
  results/mujoco/avg_default_reward_entropy_ln/HalfCheetah-v4/seed_3/eval.csv
Waiting 60s before checking again...
Missing or incomplete eval.csv files:
  results/mujoco/avg_default_ln/HalfCheetah-v4/seed_2/eval.csv
  results/mujoco/avg_default_ln/HalfCheetah-v4/seed_3/eval.csv
  results/mujoco/avg_default_reward_ln/HalfCheetah-v4/seed_1/eval.csv
  results/mujoco/avg_default_reward_ln/HalfCheetah-v4/seed_2/eval.csv
  results/mujoco/avg_default_reward_ln/HalfCheetah-v4/seed_3/eval.csv
  results/mujoco/avg_default_reward_entropy_ln/HalfCheetah-v4/seed_1/eval.csv
  results/mujoco/avg_default_reward_entropy_ln/HalfCheetah-v4/seed_2/eval.csv
  results/mujoco/avg_default_reward_entropy_ln/HalfCheetah-v4/seed_3/eval.csv
Waiting 60s before checking again...
Missing or incomplete eval.csv files:
  results/mujoco/avg_default_ln/HalfCheetah-v4/seed_2/eval.csv
  results/mujoco/avg_default_ln/HalfCheetah-v4/seed_3/eval.csv
  results/mujoco/avg_default_reward_ln/HalfCheetah-v4/seed_1/eval.csv
  results/mujoco/avg_default_reward_ln/HalfCheetah-v4/seed_2/eval.csv
  results/mujoco/avg_default_reward_ln/HalfCheetah-v4/seed_3/eval.csv
  results/mujoco/avg_default_reward_entropy_ln/HalfCheetah-v4/seed_1/eval.csv
  results/mujoco/avg_default_reward_entropy_ln/HalfCheetah-v4/seed_2/eval.csv
  results/mujoco/avg_default_reward_entropy_ln/HalfCheetah-v4/seed_3/eval.csv
Waiting 60s before checking again...
Missing or incomplete eval.csv files:
  results/mujoco/avg_default_ln/HalfCheetah-v4/seed_2/eval.csv
  results/mujoco/avg_default_ln/HalfCheetah-v4/seed_3/eval.csv
  results/mujoco/avg_default_reward_ln/HalfCheetah-v4/seed_1/eval.csv
  results/mujoco/avg_default_reward_ln/HalfCheetah-v4/seed_2/eval.csv
  results/mujoco/avg_default_reward_ln/HalfCheetah-v4/seed_3/eval.csv
  results/mujoco/avg_default_reward_entropy_ln/HalfCheetah-v4/seed_1/eval.csv
  results/mujoco/avg_default_reward_entropy_ln/HalfCheetah-v4/seed_2/eval.csv
  results/mujoco/avg_default_reward_entropy_ln/HalfCheetah-v4/seed_3/eval.csv
Waiting 60s before checking again...
Missing or incomplete eval.csv files:
  results/mujoco/avg_default_ln/HalfCheetah-v4/seed_2/eval.csv
  results/mujoco/avg_default_ln/HalfCheetah-v4/seed_3/eval.csv
  results/mujoco/avg_default_reward_ln/HalfCheetah-v4/seed_1/eval.csv
  results/mujoco/avg_default_reward_ln/HalfCheetah-v4/seed_2/eval.csv
  results/mujoco/avg_default_reward_ln/HalfCheetah-v4/seed_3/eval.csv
  results/mujoco/avg_default_reward_entropy_ln/HalfCheetah-v4/seed_1/eval.csv
  results/mujoco/avg_default_reward_entropy_ln/HalfCheetah-v4/seed_2/eval.csv
  results/mujoco/avg_default_reward_entropy_ln/HalfCheetah-v4/seed_3/eval.csv
Waiting 60s before checking again...
Missing or incomplete eval.csv files:
  results/mujoco/avg_default_ln/HalfCheetah-v4/seed_2/eval.csv
  results/mujoco/avg_default_ln/HalfCheetah-v4/seed_3/eval.csv
  results/mujoco/avg_default_reward_ln/HalfCheetah-v4/seed_1/eval.csv
  results/mujoco/avg_default_reward_ln/HalfCheetah-v4/seed_2/eval.csv
  results/mujoco/avg_default_reward_ln/HalfCheetah-v4/seed_3/eval.csv
  results/mujoco/avg_default_reward_entropy_ln/HalfCheetah-v4/seed_1/eval.csv
  results/mujoco/avg_default_reward_entropy_ln/HalfCheetah-v4/seed_2/eval.csv
  results/mujoco/avg_default_reward_entropy_ln/HalfCheetah-v4/seed_3/eval.csv
Waiting 60s before checking again...
Missing or incomplete eval.csv files:
  results/mujoco/avg_default_ln/HalfCheetah-v4/seed_2/eval.csv
  results/mujoco/avg_default_ln/HalfCheetah-v4/seed_3/eval.csv
  results/mujoco/avg_default_reward_ln/HalfCheetah-v4/seed_1/eval.csv
  results/mujoco/avg_default_reward_ln/HalfCheetah-v4/seed_2/eval.csv
  results/mujoco/avg_default_reward_ln/HalfCheetah-v4/seed_3/eval.csv
  results/mujoco/avg_default_reward_entropy_ln/HalfCheetah-v4/seed_1/eval.csv
  results/mujoco/avg_default_reward_entropy_ln/HalfCheetah-v4/seed_2/eval.csv
  results/mujoco/avg_default_reward_entropy_ln/HalfCheetah-v4/seed_3/eval.csv
Waiting 60s before checking again...
Missing or incomplete eval.csv files:
  results/mujoco/avg_default_ln/HalfCheetah-v4/seed_2/eval.csv
  results/mujoco/avg_default_ln/HalfCheetah-v4/seed_3/eval.csv
  results/mujoco/avg_default_reward_ln/HalfCheetah-v4/seed_1/eval.csv
  results/mujoco/avg_default_reward_ln/HalfCheetah-v4/seed_2/eval.csv
  results/mujoco/avg_default_reward_ln/HalfCheetah-v4/seed_3/eval.csv
  results/mujoco/avg_default_reward_entropy_ln/HalfCheetah-v4/seed_1/eval.csv
  results/mujoco/avg_default_reward_entropy_ln/HalfCheetah-v4/seed_2/eval.csv
  results/mujoco/avg_default_reward_entropy_ln/HalfCheetah-v4/seed_3/eval.csv
Waiting 60s before checking again...
Missing or incomplete eval.csv files:
  results/mujoco/avg_default_ln/HalfCheetah-v4/seed_2/eval.csv
  results/mujoco/avg_default_ln/HalfCheetah-v4/seed_3/eval.csv
  results/mujoco/avg_default_reward_ln/HalfCheetah-v4/seed_1/eval.csv
  results/mujoco/avg_default_reward_ln/HalfCheetah-v4/seed_2/eval.csv
  results/mujoco/avg_default_reward_ln/HalfCheetah-v4/seed_3/eval.csv
  results/mujoco/avg_default_reward_entropy_ln/HalfCheetah-v4/seed_1/eval.csv
  results/mujoco/avg_default_reward_entropy_ln/HalfCheetah-v4/seed_2/eval.csv
  results/mujoco/avg_default_reward_entropy_ln/HalfCheetah-v4/seed_3/eval.csv
Waiting 60s before checking again...
Missing or incomplete eval.csv files:
  results/mujoco/avg_default_ln/HalfCheetah-v4/seed_2/eval.csv
  results/mujoco/avg_default_ln/HalfCheetah-v4/seed_3/eval.csv
  results/mujoco/avg_default_reward_ln/HalfCheetah-v4/seed_1/eval.csv
  results/mujoco/avg_default_reward_ln/HalfCheetah-v4/seed_2/eval.csv
  results/mujoco/avg_default_reward_ln/HalfCheetah-v4/seed_3/eval.csv
  results/mujoco/avg_default_reward_entropy_ln/HalfCheetah-v4/seed_1/eval.csv
  results/mujoco/avg_default_reward_entropy_ln/HalfCheetah-v4/seed_2/eval.csv
  results/mujoco/avg_default_reward_entropy_ln/HalfCheetah-v4/seed_3/eval.csv
Waiting 60s before checking again...
Missing or incomplete eval.csv files:
  results/mujoco/avg_default_ln/HalfCheetah-v4/seed_2/eval.csv
  results/mujoco/avg_default_ln/HalfCheetah-v4/seed_3/eval.csv
  results/mujoco/avg_default_reward_ln/HalfCheetah-v4/seed_1/eval.csv
  results/mujoco/avg_default_reward_ln/HalfCheetah-v4/seed_2/eval.csv
  results/mujoco/avg_default_reward_ln/HalfCheetah-v4/seed_3/eval.csv
  results/mujoco/avg_default_reward_entropy_ln/HalfCheetah-v4/seed_1/eval.csv
  results/mujoco/avg_default_reward_entropy_ln/HalfCheetah-v4/seed_2/eval.csv
  results/mujoco/avg_default_reward_entropy_ln/HalfCheetah-v4/seed_3/eval.csv
Waiting 60s before checking again...
Missing or incomplete eval.csv files:
  results/mujoco/avg_default_ln/HalfCheetah-v4/seed_2/eval.csv
  results/mujoco/avg_default_ln/HalfCheetah-v4/seed_3/eval.csv
  results/mujoco/avg_default_reward_ln/HalfCheetah-v4/seed_1/eval.csv
  results/mujoco/avg_default_reward_ln/HalfCheetah-v4/seed_2/eval.csv
  results/mujoco/avg_default_reward_ln/HalfCheetah-v4/seed_3/eval.csv
  results/mujoco/avg_default_reward_entropy_ln/HalfCheetah-v4/seed_1/eval.csv
  results/mujoco/avg_default_reward_entropy_ln/HalfCheetah-v4/seed_2/eval.csv
  results/mujoco/avg_default_reward_entropy_ln/HalfCheetah-v4/seed_3/eval.csv
Waiting 60s before checking again...
Missing or incomplete eval.csv files:
  results/mujoco/avg_default_ln/HalfCheetah-v4/seed_2/eval.csv
  results/mujoco/avg_default_ln/HalfCheetah-v4/seed_3/eval.csv
  results/mujoco/avg_default_reward_ln/HalfCheetah-v4/seed_1/eval.csv
  results/mujoco/avg_default_reward_ln/HalfCheetah-v4/seed_2/eval.csv
  results/mujoco/avg_default_reward_ln/HalfCheetah-v4/seed_3/eval.csv
  results/mujoco/avg_default_reward_entropy_ln/HalfCheetah-v4/seed_1/eval.csv
  results/mujoco/avg_default_reward_entropy_ln/HalfCheetah-v4/seed_2/eval.csv
  results/mujoco/avg_default_reward_entropy_ln/HalfCheetah-v4/seed_3/eval.csv
Waiting 60s before checking again...
Missing or incomplete eval.csv files:
  results/mujoco/avg_default_ln/HalfCheetah-v4/seed_2/eval.csv
  results/mujoco/avg_default_ln/HalfCheetah-v4/seed_3/eval.csv
  results/mujoco/avg_default_reward_ln/HalfCheetah-v4/seed_1/eval.csv
  results/mujoco/avg_default_reward_ln/HalfCheetah-v4/seed_2/eval.csv
  results/mujoco/avg_default_reward_ln/HalfCheetah-v4/seed_3/eval.csv
  results/mujoco/avg_default_reward_entropy_ln/HalfCheetah-v4/seed_1/eval.csv
  results/mujoco/avg_default_reward_entropy_ln/HalfCheetah-v4/seed_2/eval.csv
  results/mujoco/avg_default_reward_entropy_ln/HalfCheetah-v4/seed_3/eval.csv
Waiting 60s before checking again...
Missing or incomplete eval.csv files:
  results/mujoco/avg_default_ln/HalfCheetah-v4/seed_3/eval.csv
  results/mujoco/avg_default_reward_ln/HalfCheetah-v4/seed_1/eval.csv
  results/mujoco/avg_default_reward_ln/HalfCheetah-v4/seed_2/eval.csv
  results/mujoco/avg_default_reward_ln/HalfCheetah-v4/seed_3/eval.csv
  results/mujoco/avg_default_reward_entropy_ln/HalfCheetah-v4/seed_1/eval.csv
  results/mujoco/avg_default_reward_entropy_ln/HalfCheetah-v4/seed_2/eval.csv
  results/mujoco/avg_default_reward_entropy_ln/HalfCheetah-v4/seed_3/eval.csv
Waiting 60s before checking again...
Missing or incomplete eval.csv files:
  results/mujoco/avg_default_ln/HalfCheetah-v4/seed_3/eval.csv
  results/mujoco/avg_default_reward_ln/HalfCheetah-v4/seed_1/eval.csv
  results/mujoco/avg_default_reward_ln/HalfCheetah-v4/seed_2/eval.csv
  results/mujoco/avg_default_reward_ln/HalfCheetah-v4/seed_3/eval.csv
  results/mujoco/avg_default_reward_entropy_ln/HalfCheetah-v4/seed_1/eval.csv
  results/mujoco/avg_default_reward_entropy_ln/HalfCheetah-v4/seed_2/eval.csv
  results/mujoco/avg_default_reward_entropy_ln/HalfCheetah-v4/seed_3/eval.csv
Waiting 60s before checking again...
Missing or incomplete eval.csv files:
  results/mujoco/avg_default_ln/HalfCheetah-v4/seed_3/eval.csv
  results/mujoco/avg_default_reward_ln/HalfCheetah-v4/seed_1/eval.csv
  results/mujoco/avg_default_reward_ln/HalfCheetah-v4/seed_2/eval.csv
  results/mujoco/avg_default_reward_ln/HalfCheetah-v4/seed_3/eval.csv
  results/mujoco/avg_default_reward_entropy_ln/HalfCheetah-v4/seed_1/eval.csv
  results/mujoco/avg_default_reward_entropy_ln/HalfCheetah-v4/seed_2/eval.csv
  results/mujoco/avg_default_reward_entropy_ln/HalfCheetah-v4/seed_3/eval.csv
Waiting 60s before checking again...
Missing or incomplete eval.csv files:
  results/mujoco/avg_default_ln/HalfCheetah-v4/seed_3/eval.csv
  results/mujoco/avg_default_reward_ln/HalfCheetah-v4/seed_1/eval.csv
  results/mujoco/avg_default_reward_ln/HalfCheetah-v4/seed_2/eval.csv
  results/mujoco/avg_default_reward_ln/HalfCheetah-v4/seed_3/eval.csv
  results/mujoco/avg_default_reward_entropy_ln/HalfCheetah-v4/seed_1/eval.csv
  results/mujoco/avg_default_reward_entropy_ln/HalfCheetah-v4/seed_2/eval.csv
  results/mujoco/avg_default_reward_entropy_ln/HalfCheetah-v4/seed_3/eval.csv
Waiting 60s before checking again...
Missing or incomplete eval.csv files:
  results/mujoco/avg_default_ln/HalfCheetah-v4/seed_3/eval.csv
  results/mujoco/avg_default_reward_ln/HalfCheetah-v4/seed_1/eval.csv
  results/mujoco/avg_default_reward_ln/HalfCheetah-v4/seed_2/eval.csv
  results/mujoco/avg_default_reward_ln/HalfCheetah-v4/seed_3/eval.csv
  results/mujoco/avg_default_reward_entropy_ln/HalfCheetah-v4/seed_1/eval.csv
  results/mujoco/avg_default_reward_entropy_ln/HalfCheetah-v4/seed_2/eval.csv
  results/mujoco/avg_default_reward_entropy_ln/HalfCheetah-v4/seed_3/eval.csv
Waiting 60s before checking again...
Missing or incomplete eval.csv files:
  results/mujoco/avg_default_ln/HalfCheetah-v4/seed_3/eval.csv
  results/mujoco/avg_default_reward_ln/HalfCheetah-v4/seed_1/eval.csv
  results/mujoco/avg_default_reward_ln/HalfCheetah-v4/seed_2/eval.csv
  results/mujoco/avg_default_reward_ln/HalfCheetah-v4/seed_3/eval.csv
  results/mujoco/avg_default_reward_entropy_ln/HalfCheetah-v4/seed_1/eval.csv
  results/mujoco/avg_default_reward_entropy_ln/HalfCheetah-v4/seed_2/eval.csv
  results/mujoco/avg_default_reward_entropy_ln/HalfCheetah-v4/seed_3/eval.csv
Waiting 60s before checking again...
Missing or incomplete eval.csv files:
  results/mujoco/avg_default_ln/HalfCheetah-v4/seed_3/eval.csv
  results/mujoco/avg_default_reward_ln/HalfCheetah-v4/seed_1/eval.csv
  results/mujoco/avg_default_reward_ln/HalfCheetah-v4/seed_2/eval.csv
  results/mujoco/avg_default_reward_ln/HalfCheetah-v4/seed_3/eval.csv
  results/mujoco/avg_default_reward_entropy_ln/HalfCheetah-v4/seed_1/eval.csv
  results/mujoco/avg_default_reward_entropy_ln/HalfCheetah-v4/seed_2/eval.csv
  results/mujoco/avg_default_reward_entropy_ln/HalfCheetah-v4/seed_3/eval.csv
Waiting 60s before checking again...
Missing or incomplete eval.csv files:
  results/mujoco/avg_default_ln/HalfCheetah-v4/seed_3/eval.csv
  results/mujoco/avg_default_reward_ln/HalfCheetah-v4/seed_1/eval.csv
  results/mujoco/avg_default_reward_ln/HalfCheetah-v4/seed_2/eval.csv
  results/mujoco/avg_default_reward_ln/HalfCheetah-v4/seed_3/eval.csv
  results/mujoco/avg_default_reward_entropy_ln/HalfCheetah-v4/seed_1/eval.csv
  results/mujoco/avg_default_reward_entropy_ln/HalfCheetah-v4/seed_2/eval.csv
  results/mujoco/avg_default_reward_entropy_ln/HalfCheetah-v4/seed_3/eval.csv
Waiting 60s before checking again...
Missing or incomplete eval.csv files:
  results/mujoco/avg_default_ln/HalfCheetah-v4/seed_3/eval.csv
  results/mujoco/avg_default_reward_ln/HalfCheetah-v4/seed_1/eval.csv
  results/mujoco/avg_default_reward_ln/HalfCheetah-v4/seed_2/eval.csv
  results/mujoco/avg_default_reward_ln/HalfCheetah-v4/seed_3/eval.csv
  results/mujoco/avg_default_reward_entropy_ln/HalfCheetah-v4/seed_1/eval.csv
  results/mujoco/avg_default_reward_entropy_ln/HalfCheetah-v4/seed_2/eval.csv
  results/mujoco/avg_default_reward_entropy_ln/HalfCheetah-v4/seed_3/eval.csv
Waiting 60s before checking again...
Missing or incomplete eval.csv files:
  results/mujoco/avg_default_ln/HalfCheetah-v4/seed_3/eval.csv
  results/mujoco/avg_default_reward_ln/HalfCheetah-v4/seed_1/eval.csv
  results/mujoco/avg_default_reward_ln/HalfCheetah-v4/seed_2/eval.csv
  results/mujoco/avg_default_reward_ln/HalfCheetah-v4/seed_3/eval.csv
  results/mujoco/avg_default_reward_entropy_ln/HalfCheetah-v4/seed_1/eval.csv
  results/mujoco/avg_default_reward_entropy_ln/HalfCheetah-v4/seed_2/eval.csv
  results/mujoco/avg_default_reward_entropy_ln/HalfCheetah-v4/seed_3/eval.csv
Waiting 60s before checking again...
Missing or incomplete eval.csv files:
  results/mujoco/avg_default_ln/HalfCheetah-v4/seed_3/eval.csv
  results/mujoco/avg_default_reward_ln/HalfCheetah-v4/seed_1/eval.csv
  results/mujoco/avg_default_reward_ln/HalfCheetah-v4/seed_2/eval.csv
  results/mujoco/avg_default_reward_ln/HalfCheetah-v4/seed_3/eval.csv
  results/mujoco/avg_default_reward_entropy_ln/HalfCheetah-v4/seed_1/eval.csv
  results/mujoco/avg_default_reward_entropy_ln/HalfCheetah-v4/seed_2/eval.csv
  results/mujoco/avg_default_reward_entropy_ln/HalfCheetah-v4/seed_3/eval.csv
Waiting 60s before checking again...
Missing or incomplete eval.csv files:
  results/mujoco/avg_default_ln/HalfCheetah-v4/seed_3/eval.csv
  results/mujoco/avg_default_reward_ln/HalfCheetah-v4/seed_1/eval.csv
  results/mujoco/avg_default_reward_ln/HalfCheetah-v4/seed_2/eval.csv
  results/mujoco/avg_default_reward_ln/HalfCheetah-v4/seed_3/eval.csv
  results/mujoco/avg_default_reward_entropy_ln/HalfCheetah-v4/seed_1/eval.csv
  results/mujoco/avg_default_reward_entropy_ln/HalfCheetah-v4/seed_2/eval.csv
  results/mujoco/avg_default_reward_entropy_ln/HalfCheetah-v4/seed_3/eval.csv
Waiting 60s before checking again...
Missing or incomplete eval.csv files:
  results/mujoco/avg_default_ln/HalfCheetah-v4/seed_3/eval.csv
  results/mujoco/avg_default_reward_ln/HalfCheetah-v4/seed_1/eval.csv
  results/mujoco/avg_default_reward_ln/HalfCheetah-v4/seed_2/eval.csv
  results/mujoco/avg_default_reward_ln/HalfCheetah-v4/seed_3/eval.csv
  results/mujoco/avg_default_reward_entropy_ln/HalfCheetah-v4/seed_1/eval.csv
  results/mujoco/avg_default_reward_entropy_ln/HalfCheetah-v4/seed_2/eval.csv
  results/mujoco/avg_default_reward_entropy_ln/HalfCheetah-v4/seed_3/eval.csv
Waiting 60s before checking again...
Missing or incomplete eval.csv files:
  results/mujoco/avg_default_ln/HalfCheetah-v4/seed_3/eval.csv
  results/mujoco/avg_default_reward_ln/HalfCheetah-v4/seed_1/eval.csv
  results/mujoco/avg_default_reward_ln/HalfCheetah-v4/seed_2/eval.csv
  results/mujoco/avg_default_reward_ln/HalfCheetah-v4/seed_3/eval.csv
  results/mujoco/avg_default_reward_entropy_ln/HalfCheetah-v4/seed_1/eval.csv
  results/mujoco/avg_default_reward_entropy_ln/HalfCheetah-v4/seed_2/eval.csv
  results/mujoco/avg_default_reward_entropy_ln/HalfCheetah-v4/seed_3/eval.csv
Waiting 60s before checking again...
Missing or incomplete eval.csv files:
  results/mujoco/avg_default_ln/HalfCheetah-v4/seed_3/eval.csv
  results/mujoco/avg_default_reward_ln/HalfCheetah-v4/seed_1/eval.csv
  results/mujoco/avg_default_reward_ln/HalfCheetah-v4/seed_2/eval.csv
  results/mujoco/avg_default_reward_ln/HalfCheetah-v4/seed_3/eval.csv
  results/mujoco/avg_default_reward_entropy_ln/HalfCheetah-v4/seed_1/eval.csv
  results/mujoco/avg_default_reward_entropy_ln/HalfCheetah-v4/seed_2/eval.csv
  results/mujoco/avg_default_reward_entropy_ln/HalfCheetah-v4/seed_3/eval.csv
Waiting 60s before checking again...
Missing or incomplete eval.csv files:
  results/mujoco/avg_default_ln/HalfCheetah-v4/seed_3/eval.csv
  results/mujoco/avg_default_reward_ln/HalfCheetah-v4/seed_1/eval.csv
  results/mujoco/avg_default_reward_ln/HalfCheetah-v4/seed_2/eval.csv
  results/mujoco/avg_default_reward_ln/HalfCheetah-v4/seed_3/eval.csv
  results/mujoco/avg_default_reward_entropy_ln/HalfCheetah-v4/seed_1/eval.csv
  results/mujoco/avg_default_reward_entropy_ln/HalfCheetah-v4/seed_2/eval.csv
  results/mujoco/avg_default_reward_entropy_ln/HalfCheetah-v4/seed_3/eval.csv
Waiting 60s before checking again...
Missing or incomplete eval.csv files:
  results/mujoco/avg_default_ln/HalfCheetah-v4/seed_3/eval.csv
  results/mujoco/avg_default_reward_ln/HalfCheetah-v4/seed_1/eval.csv
  results/mujoco/avg_default_reward_ln/HalfCheetah-v4/seed_2/eval.csv
  results/mujoco/avg_default_reward_ln/HalfCheetah-v4/seed_3/eval.csv
  results/mujoco/avg_default_reward_entropy_ln/HalfCheetah-v4/seed_1/eval.csv
  results/mujoco/avg_default_reward_entropy_ln/HalfCheetah-v4/seed_2/eval.csv
  results/mujoco/avg_default_reward_entropy_ln/HalfCheetah-v4/seed_3/eval.csv
Waiting 60s before checking again...
Missing or incomplete eval.csv files:
  results/mujoco/avg_default_ln/HalfCheetah-v4/seed_3/eval.csv
  results/mujoco/avg_default_reward_ln/HalfCheetah-v4/seed_1/eval.csv
  results/mujoco/avg_default_reward_ln/HalfCheetah-v4/seed_2/eval.csv
  results/mujoco/avg_default_reward_ln/HalfCheetah-v4/seed_3/eval.csv
  results/mujoco/avg_default_reward_entropy_ln/HalfCheetah-v4/seed_1/eval.csv
  results/mujoco/avg_default_reward_entropy_ln/HalfCheetah-v4/seed_2/eval.csv
  results/mujoco/avg_default_reward_entropy_ln/HalfCheetah-v4/seed_3/eval.csv
Waiting 60s before checking again...
Missing or incomplete eval.csv files:
  results/mujoco/avg_default_ln/HalfCheetah-v4/seed_3/eval.csv
  results/mujoco/avg_default_reward_ln/HalfCheetah-v4/seed_1/eval.csv
  results/mujoco/avg_default_reward_ln/HalfCheetah-v4/seed_2/eval.csv
  results/mujoco/avg_default_reward_ln/HalfCheetah-v4/seed_3/eval.csv
  results/mujoco/avg_default_reward_entropy_ln/HalfCheetah-v4/seed_1/eval.csv
  results/mujoco/avg_default_reward_entropy_ln/HalfCheetah-v4/seed_2/eval.csv
  results/mujoco/avg_default_reward_entropy_ln/HalfCheetah-v4/seed_3/eval.csv
Waiting 60s before checking again...
Missing or incomplete eval.csv files:
  results/mujoco/avg_default_ln/HalfCheetah-v4/seed_3/eval.csv
  results/mujoco/avg_default_reward_ln/HalfCheetah-v4/seed_1/eval.csv
  results/mujoco/avg_default_reward_ln/HalfCheetah-v4/seed_2/eval.csv
  results/mujoco/avg_default_reward_ln/HalfCheetah-v4/seed_3/eval.csv
  results/mujoco/avg_default_reward_entropy_ln/HalfCheetah-v4/seed_1/eval.csv
  results/mujoco/avg_default_reward_entropy_ln/HalfCheetah-v4/seed_2/eval.csv
  results/mujoco/avg_default_reward_entropy_ln/HalfCheetah-v4/seed_3/eval.csv
Waiting 60s before checking again...
Missing or incomplete eval.csv files:
  results/mujoco/avg_default_ln/HalfCheetah-v4/seed_3/eval.csv
  results/mujoco/avg_default_reward_ln/HalfCheetah-v4/seed_1/eval.csv
  results/mujoco/avg_default_reward_ln/HalfCheetah-v4/seed_2/eval.csv
  results/mujoco/avg_default_reward_ln/HalfCheetah-v4/seed_3/eval.csv
  results/mujoco/avg_default_reward_entropy_ln/HalfCheetah-v4/seed_1/eval.csv
  results/mujoco/avg_default_reward_entropy_ln/HalfCheetah-v4/seed_2/eval.csv
  results/mujoco/avg_default_reward_entropy_ln/HalfCheetah-v4/seed_3/eval.csv
Waiting 60s before checking again...
Missing or incomplete eval.csv files:
  results/mujoco/avg_default_reward_ln/HalfCheetah-v4/seed_1/eval.csv
  results/mujoco/avg_default_reward_ln/HalfCheetah-v4/seed_2/eval.csv
  results/mujoco/avg_default_reward_ln/HalfCheetah-v4/seed_3/eval.csv
  results/mujoco/avg_default_reward_entropy_ln/HalfCheetah-v4/seed_1/eval.csv
  results/mujoco/avg_default_reward_entropy_ln/HalfCheetah-v4/seed_2/eval.csv
  results/mujoco/avg_default_reward_entropy_ln/HalfCheetah-v4/seed_3/eval.csv
Waiting 60s before checking again...
Missing or incomplete eval.csv files:
  results/mujoco/avg_default_reward_ln/HalfCheetah-v4/seed_1/eval.csv
  results/mujoco/avg_default_reward_ln/HalfCheetah-v4/seed_2/eval.csv
  results/mujoco/avg_default_reward_ln/HalfCheetah-v4/seed_3/eval.csv
  results/mujoco/avg_default_reward_entropy_ln/HalfCheetah-v4/seed_1/eval.csv
  results/mujoco/avg_default_reward_entropy_ln/HalfCheetah-v4/seed_2/eval.csv
  results/mujoco/avg_default_reward_entropy_ln/HalfCheetah-v4/seed_3/eval.csv
Waiting 60s before checking again...
Missing or incomplete eval.csv files:
  results/mujoco/avg_default_reward_ln/HalfCheetah-v4/seed_1/eval.csv
  results/mujoco/avg_default_reward_ln/HalfCheetah-v4/seed_2/eval.csv
  results/mujoco/avg_default_reward_ln/HalfCheetah-v4/seed_3/eval.csv
  results/mujoco/avg_default_reward_entropy_ln/HalfCheetah-v4/seed_1/eval.csv
  results/mujoco/avg_default_reward_entropy_ln/HalfCheetah-v4/seed_2/eval.csv
  results/mujoco/avg_default_reward_entropy_ln/HalfCheetah-v4/seed_3/eval.csv
Waiting 60s before checking again...
Missing or incomplete eval.csv files:
  results/mujoco/avg_default_reward_ln/HalfCheetah-v4/seed_1/eval.csv
  results/mujoco/avg_default_reward_ln/HalfCheetah-v4/seed_2/eval.csv
  results/mujoco/avg_default_reward_ln/HalfCheetah-v4/seed_3/eval.csv
  results/mujoco/avg_default_reward_entropy_ln/HalfCheetah-v4/seed_1/eval.csv
  results/mujoco/avg_default_reward_entropy_ln/HalfCheetah-v4/seed_2/eval.csv
  results/mujoco/avg_default_reward_entropy_ln/HalfCheetah-v4/seed_3/eval.csv
Waiting 60s before checking again...
Missing or incomplete eval.csv files:
  results/mujoco/avg_default_reward_ln/HalfCheetah-v4/seed_1/eval.csv
  results/mujoco/avg_default_reward_ln/HalfCheetah-v4/seed_2/eval.csv
  results/mujoco/avg_default_reward_ln/HalfCheetah-v4/seed_3/eval.csv
  results/mujoco/avg_default_reward_entropy_ln/HalfCheetah-v4/seed_1/eval.csv
  results/mujoco/avg_default_reward_entropy_ln/HalfCheetah-v4/seed_2/eval.csv
  results/mujoco/avg_default_reward_entropy_ln/HalfCheetah-v4/seed_3/eval.csv
Waiting 60s before checking again...
Missing or incomplete eval.csv files:
  results/mujoco/avg_default_reward_ln/HalfCheetah-v4/seed_1/eval.csv
  results/mujoco/avg_default_reward_ln/HalfCheetah-v4/seed_2/eval.csv
  results/mujoco/avg_default_reward_ln/HalfCheetah-v4/seed_3/eval.csv
  results/mujoco/avg_default_reward_entropy_ln/HalfCheetah-v4/seed_1/eval.csv
  results/mujoco/avg_default_reward_entropy_ln/HalfCheetah-v4/seed_2/eval.csv
  results/mujoco/avg_default_reward_entropy_ln/HalfCheetah-v4/seed_3/eval.csv
Waiting 60s before checking again...
Missing or incomplete eval.csv files:
  results/mujoco/avg_default_reward_ln/HalfCheetah-v4/seed_1/eval.csv
  results/mujoco/avg_default_reward_ln/HalfCheetah-v4/seed_2/eval.csv
  results/mujoco/avg_default_reward_ln/HalfCheetah-v4/seed_3/eval.csv
  results/mujoco/avg_default_reward_entropy_ln/HalfCheetah-v4/seed_1/eval.csv
  results/mujoco/avg_default_reward_entropy_ln/HalfCheetah-v4/seed_2/eval.csv
  results/mujoco/avg_default_reward_entropy_ln/HalfCheetah-v4/seed_3/eval.csv
Waiting 60s before checking again...
Missing or incomplete eval.csv files:
  results/mujoco/avg_default_reward_ln/HalfCheetah-v4/seed_1/eval.csv
  results/mujoco/avg_default_reward_ln/HalfCheetah-v4/seed_2/eval.csv
  results/mujoco/avg_default_reward_ln/HalfCheetah-v4/seed_3/eval.csv
  results/mujoco/avg_default_reward_entropy_ln/HalfCheetah-v4/seed_1/eval.csv
  results/mujoco/avg_default_reward_entropy_ln/HalfCheetah-v4/seed_2/eval.csv
  results/mujoco/avg_default_reward_entropy_ln/HalfCheetah-v4/seed_3/eval.csv
Waiting 60s before checking again...
Missing or incomplete eval.csv files:
  results/mujoco/avg_default_reward_ln/HalfCheetah-v4/seed_1/eval.csv
  results/mujoco/avg_default_reward_ln/HalfCheetah-v4/seed_2/eval.csv
  results/mujoco/avg_default_reward_ln/HalfCheetah-v4/seed_3/eval.csv
  results/mujoco/avg_default_reward_entropy_ln/HalfCheetah-v4/seed_1/eval.csv
  results/mujoco/avg_default_reward_entropy_ln/HalfCheetah-v4/seed_2/eval.csv
  results/mujoco/avg_default_reward_entropy_ln/HalfCheetah-v4/seed_3/eval.csv
Waiting 60s before checking again...
Missing or incomplete eval.csv files:
  results/mujoco/avg_default_reward_ln/HalfCheetah-v4/seed_1/eval.csv
  results/mujoco/avg_default_reward_ln/HalfCheetah-v4/seed_2/eval.csv
  results/mujoco/avg_default_reward_ln/HalfCheetah-v4/seed_3/eval.csv
  results/mujoco/avg_default_reward_entropy_ln/HalfCheetah-v4/seed_1/eval.csv
  results/mujoco/avg_default_reward_entropy_ln/HalfCheetah-v4/seed_2/eval.csv
  results/mujoco/avg_default_reward_entropy_ln/HalfCheetah-v4/seed_3/eval.csv
Waiting 60s before checking again...
Missing or incomplete eval.csv files:
  results/mujoco/avg_default_reward_ln/HalfCheetah-v4/seed_1/eval.csv
  results/mujoco/avg_default_reward_ln/HalfCheetah-v4/seed_2/eval.csv
  results/mujoco/avg_default_reward_ln/HalfCheetah-v4/seed_3/eval.csv
  results/mujoco/avg_default_reward_entropy_ln/HalfCheetah-v4/seed_1/eval.csv
  results/mujoco/avg_default_reward_entropy_ln/HalfCheetah-v4/seed_2/eval.csv
  results/mujoco/avg_default_reward_entropy_ln/HalfCheetah-v4/seed_3/eval.csv
Waiting 60s before checking again...
Missing or incomplete eval.csv files:
  results/mujoco/avg_default_reward_ln/HalfCheetah-v4/seed_1/eval.csv
  results/mujoco/avg_default_reward_ln/HalfCheetah-v4/seed_2/eval.csv
  results/mujoco/avg_default_reward_ln/HalfCheetah-v4/seed_3/eval.csv
  results/mujoco/avg_default_reward_entropy_ln/HalfCheetah-v4/seed_1/eval.csv
  results/mujoco/avg_default_reward_entropy_ln/HalfCheetah-v4/seed_2/eval.csv
  results/mujoco/avg_default_reward_entropy_ln/HalfCheetah-v4/seed_3/eval.csv
Waiting 60s before checking again...
Missing or incomplete eval.csv files:
  results/mujoco/avg_default_reward_ln/HalfCheetah-v4/seed_1/eval.csv
  results/mujoco/avg_default_reward_ln/HalfCheetah-v4/seed_2/eval.csv
  results/mujoco/avg_default_reward_ln/HalfCheetah-v4/seed_3/eval.csv
  results/mujoco/avg_default_reward_entropy_ln/HalfCheetah-v4/seed_1/eval.csv
  results/mujoco/avg_default_reward_entropy_ln/HalfCheetah-v4/seed_2/eval.csv
  results/mujoco/avg_default_reward_entropy_ln/HalfCheetah-v4/seed_3/eval.csv
Waiting 60s before checking again...
Missing or incomplete eval.csv files:
  results/mujoco/avg_default_reward_ln/HalfCheetah-v4/seed_1/eval.csv
  results/mujoco/avg_default_reward_ln/HalfCheetah-v4/seed_2/eval.csv
  results/mujoco/avg_default_reward_ln/HalfCheetah-v4/seed_3/eval.csv
  results/mujoco/avg_default_reward_entropy_ln/HalfCheetah-v4/seed_1/eval.csv
  results/mujoco/avg_default_reward_entropy_ln/HalfCheetah-v4/seed_2/eval.csv
  results/mujoco/avg_default_reward_entropy_ln/HalfCheetah-v4/seed_3/eval.csv
Waiting 60s before checking again...
Missing or incomplete eval.csv files:
  results/mujoco/avg_default_reward_ln/HalfCheetah-v4/seed_1/eval.csv
  results/mujoco/avg_default_reward_ln/HalfCheetah-v4/seed_2/eval.csv
  results/mujoco/avg_default_reward_ln/HalfCheetah-v4/seed_3/eval.csv
  results/mujoco/avg_default_reward_entropy_ln/HalfCheetah-v4/seed_1/eval.csv
  results/mujoco/avg_default_reward_entropy_ln/HalfCheetah-v4/seed_2/eval.csv
  results/mujoco/avg_default_reward_entropy_ln/HalfCheetah-v4/seed_3/eval.csv
Waiting 60s before checking again...
Missing or incomplete eval.csv files:
  results/mujoco/avg_default_reward_ln/HalfCheetah-v4/seed_1/eval.csv
  results/mujoco/avg_default_reward_ln/HalfCheetah-v4/seed_2/eval.csv
  results/mujoco/avg_default_reward_ln/HalfCheetah-v4/seed_3/eval.csv
  results/mujoco/avg_default_reward_entropy_ln/HalfCheetah-v4/seed_1/eval.csv
  results/mujoco/avg_default_reward_entropy_ln/HalfCheetah-v4/seed_2/eval.csv
  results/mujoco/avg_default_reward_entropy_ln/HalfCheetah-v4/seed_3/eval.csv
Waiting 60s before checking again...
Missing or incomplete eval.csv files:
  results/mujoco/avg_default_reward_ln/HalfCheetah-v4/seed_1/eval.csv
  results/mujoco/avg_default_reward_ln/HalfCheetah-v4/seed_2/eval.csv
  results/mujoco/avg_default_reward_ln/HalfCheetah-v4/seed_3/eval.csv
  results/mujoco/avg_default_reward_entropy_ln/HalfCheetah-v4/seed_1/eval.csv
  results/mujoco/avg_default_reward_entropy_ln/HalfCheetah-v4/seed_2/eval.csv
  results/mujoco/avg_default_reward_entropy_ln/HalfCheetah-v4/seed_3/eval.csv
Waiting 60s before checking again...
Missing or incomplete eval.csv files:
  results/mujoco/avg_default_reward_ln/HalfCheetah-v4/seed_1/eval.csv
  results/mujoco/avg_default_reward_ln/HalfCheetah-v4/seed_2/eval.csv
  results/mujoco/avg_default_reward_ln/HalfCheetah-v4/seed_3/eval.csv
  results/mujoco/avg_default_reward_entropy_ln/HalfCheetah-v4/seed_1/eval.csv
  results/mujoco/avg_default_reward_entropy_ln/HalfCheetah-v4/seed_2/eval.csv
  results/mujoco/avg_default_reward_entropy_ln/HalfCheetah-v4/seed_3/eval.csv
Waiting 60s before checking again...
Missing or incomplete eval.csv files:
  results/mujoco/avg_default_reward_ln/HalfCheetah-v4/seed_1/eval.csv
  results/mujoco/avg_default_reward_ln/HalfCheetah-v4/seed_2/eval.csv
  results/mujoco/avg_default_reward_ln/HalfCheetah-v4/seed_3/eval.csv
  results/mujoco/avg_default_reward_entropy_ln/HalfCheetah-v4/seed_1/eval.csv
  results/mujoco/avg_default_reward_entropy_ln/HalfCheetah-v4/seed_2/eval.csv
  results/mujoco/avg_default_reward_entropy_ln/HalfCheetah-v4/seed_3/eval.csv
Waiting 60s before checking again...
Missing or incomplete eval.csv files:
  results/mujoco/avg_default_reward_ln/HalfCheetah-v4/seed_1/eval.csv
  results/mujoco/avg_default_reward_ln/HalfCheetah-v4/seed_2/eval.csv
  results/mujoco/avg_default_reward_ln/HalfCheetah-v4/seed_3/eval.csv
  results/mujoco/avg_default_reward_entropy_ln/HalfCheetah-v4/seed_1/eval.csv
  results/mujoco/avg_default_reward_entropy_ln/HalfCheetah-v4/seed_2/eval.csv
  results/mujoco/avg_default_reward_entropy_ln/HalfCheetah-v4/seed_3/eval.csv
Waiting 60s before checking again...
Missing or incomplete eval.csv files:
  results/mujoco/avg_default_reward_ln/HalfCheetah-v4/seed_1/eval.csv
  results/mujoco/avg_default_reward_ln/HalfCheetah-v4/seed_2/eval.csv
  results/mujoco/avg_default_reward_ln/HalfCheetah-v4/seed_3/eval.csv
  results/mujoco/avg_default_reward_entropy_ln/HalfCheetah-v4/seed_1/eval.csv
  results/mujoco/avg_default_reward_entropy_ln/HalfCheetah-v4/seed_2/eval.csv
  results/mujoco/avg_default_reward_entropy_ln/HalfCheetah-v4/seed_3/eval.csv
Waiting 60s before checking again...
Missing or incomplete eval.csv files:
  results/mujoco/avg_default_reward_ln/HalfCheetah-v4/seed_1/eval.csv
  results/mujoco/avg_default_reward_ln/HalfCheetah-v4/seed_2/eval.csv
  results/mujoco/avg_default_reward_ln/HalfCheetah-v4/seed_3/eval.csv
  results/mujoco/avg_default_reward_entropy_ln/HalfCheetah-v4/seed_1/eval.csv
  results/mujoco/avg_default_reward_entropy_ln/HalfCheetah-v4/seed_2/eval.csv
  results/mujoco/avg_default_reward_entropy_ln/HalfCheetah-v4/seed_3/eval.csv
Waiting 60s before checking again...
Missing or incomplete eval.csv files:
  results/mujoco/avg_default_reward_ln/HalfCheetah-v4/seed_2/eval.csv
  results/mujoco/avg_default_reward_ln/HalfCheetah-v4/seed_3/eval.csv
  results/mujoco/avg_default_reward_entropy_ln/HalfCheetah-v4/seed_1/eval.csv
  results/mujoco/avg_default_reward_entropy_ln/HalfCheetah-v4/seed_2/eval.csv
  results/mujoco/avg_default_reward_entropy_ln/HalfCheetah-v4/seed_3/eval.csv
Waiting 60s before checking again...
Missing or incomplete eval.csv files:
  results/mujoco/avg_default_reward_ln/HalfCheetah-v4/seed_2/eval.csv
  results/mujoco/avg_default_reward_ln/HalfCheetah-v4/seed_3/eval.csv
  results/mujoco/avg_default_reward_entropy_ln/HalfCheetah-v4/seed_1/eval.csv
  results/mujoco/avg_default_reward_entropy_ln/HalfCheetah-v4/seed_2/eval.csv
  results/mujoco/avg_default_reward_entropy_ln/HalfCheetah-v4/seed_3/eval.csv
Waiting 60s before checking again...
Missing or incomplete eval.csv files:
  results/mujoco/avg_default_reward_ln/HalfCheetah-v4/seed_2/eval.csv
  results/mujoco/avg_default_reward_ln/HalfCheetah-v4/seed_3/eval.csv
  results/mujoco/avg_default_reward_entropy_ln/HalfCheetah-v4/seed_1/eval.csv
  results/mujoco/avg_default_reward_entropy_ln/HalfCheetah-v4/seed_2/eval.csv
  results/mujoco/avg_default_reward_entropy_ln/HalfCheetah-v4/seed_3/eval.csv
Waiting 60s before checking again...
Missing or incomplete eval.csv files:
  results/mujoco/avg_default_reward_ln/HalfCheetah-v4/seed_2/eval.csv
  results/mujoco/avg_default_reward_ln/HalfCheetah-v4/seed_3/eval.csv
  results/mujoco/avg_default_reward_entropy_ln/HalfCheetah-v4/seed_1/eval.csv
  results/mujoco/avg_default_reward_entropy_ln/HalfCheetah-v4/seed_2/eval.csv
  results/mujoco/avg_default_reward_entropy_ln/HalfCheetah-v4/seed_3/eval.csv
Waiting 60s before checking again...
Missing or incomplete eval.csv files:
  results/mujoco/avg_default_reward_ln/HalfCheetah-v4/seed_2/eval.csv
  results/mujoco/avg_default_reward_ln/HalfCheetah-v4/seed_3/eval.csv
  results/mujoco/avg_default_reward_entropy_ln/HalfCheetah-v4/seed_1/eval.csv
  results/mujoco/avg_default_reward_entropy_ln/HalfCheetah-v4/seed_2/eval.csv
  results/mujoco/avg_default_reward_entropy_ln/HalfCheetah-v4/seed_3/eval.csv
Waiting 60s before checking again...
Missing or incomplete eval.csv files:
  results/mujoco/avg_default_reward_ln/HalfCheetah-v4/seed_2/eval.csv
  results/mujoco/avg_default_reward_ln/HalfCheetah-v4/seed_3/eval.csv
  results/mujoco/avg_default_reward_entropy_ln/HalfCheetah-v4/seed_1/eval.csv
  results/mujoco/avg_default_reward_entropy_ln/HalfCheetah-v4/seed_2/eval.csv
  results/mujoco/avg_default_reward_entropy_ln/HalfCheetah-v4/seed_3/eval.csv
Waiting 60s before checking again...
Missing or incomplete eval.csv files:
  results/mujoco/avg_default_reward_ln/HalfCheetah-v4/seed_2/eval.csv
  results/mujoco/avg_default_reward_ln/HalfCheetah-v4/seed_3/eval.csv
  results/mujoco/avg_default_reward_entropy_ln/HalfCheetah-v4/seed_1/eval.csv
  results/mujoco/avg_default_reward_entropy_ln/HalfCheetah-v4/seed_2/eval.csv
  results/mujoco/avg_default_reward_entropy_ln/HalfCheetah-v4/seed_3/eval.csv
Waiting 60s before checking again...
Missing or incomplete eval.csv files:
  results/mujoco/avg_default_reward_ln/HalfCheetah-v4/seed_2/eval.csv
  results/mujoco/avg_default_reward_ln/HalfCheetah-v4/seed_3/eval.csv
  results/mujoco/avg_default_reward_entropy_ln/HalfCheetah-v4/seed_1/eval.csv
  results/mujoco/avg_default_reward_entropy_ln/HalfCheetah-v4/seed_2/eval.csv
  results/mujoco/avg_default_reward_entropy_ln/HalfCheetah-v4/seed_3/eval.csv
Waiting 60s before checking again...
Missing or incomplete eval.csv files:
  results/mujoco/avg_default_reward_ln/HalfCheetah-v4/seed_2/eval.csv
  results/mujoco/avg_default_reward_ln/HalfCheetah-v4/seed_3/eval.csv
  results/mujoco/avg_default_reward_entropy_ln/HalfCheetah-v4/seed_1/eval.csv
  results/mujoco/avg_default_reward_entropy_ln/HalfCheetah-v4/seed_2/eval.csv
  results/mujoco/avg_default_reward_entropy_ln/HalfCheetah-v4/seed_3/eval.csv
Waiting 60s before checking again...
Missing or incomplete eval.csv files:
  results/mujoco/avg_default_reward_ln/HalfCheetah-v4/seed_2/eval.csv
  results/mujoco/avg_default_reward_ln/HalfCheetah-v4/seed_3/eval.csv
  results/mujoco/avg_default_reward_entropy_ln/HalfCheetah-v4/seed_1/eval.csv
  results/mujoco/avg_default_reward_entropy_ln/HalfCheetah-v4/seed_2/eval.csv
  results/mujoco/avg_default_reward_entropy_ln/HalfCheetah-v4/seed_3/eval.csv
Waiting 60s before checking again...
Missing or incomplete eval.csv files:
  results/mujoco/avg_default_reward_ln/HalfCheetah-v4/seed_2/eval.csv
  results/mujoco/avg_default_reward_ln/HalfCheetah-v4/seed_3/eval.csv
  results/mujoco/avg_default_reward_entropy_ln/HalfCheetah-v4/seed_1/eval.csv
  results/mujoco/avg_default_reward_entropy_ln/HalfCheetah-v4/seed_2/eval.csv
  results/mujoco/avg_default_reward_entropy_ln/HalfCheetah-v4/seed_3/eval.csv
Waiting 60s before checking again...
Missing or incomplete eval.csv files:
  results/mujoco/avg_default_reward_ln/HalfCheetah-v4/seed_2/eval.csv
  results/mujoco/avg_default_reward_ln/HalfCheetah-v4/seed_3/eval.csv
  results/mujoco/avg_default_reward_entropy_ln/HalfCheetah-v4/seed_1/eval.csv
  results/mujoco/avg_default_reward_entropy_ln/HalfCheetah-v4/seed_2/eval.csv
  results/mujoco/avg_default_reward_entropy_ln/HalfCheetah-v4/seed_3/eval.csv
Waiting 60s before checking again...
Missing or incomplete eval.csv files:
  results/mujoco/avg_default_reward_ln/HalfCheetah-v4/seed_2/eval.csv
  results/mujoco/avg_default_reward_ln/HalfCheetah-v4/seed_3/eval.csv
  results/mujoco/avg_default_reward_entropy_ln/HalfCheetah-v4/seed_1/eval.csv
  results/mujoco/avg_default_reward_entropy_ln/HalfCheetah-v4/seed_2/eval.csv
  results/mujoco/avg_default_reward_entropy_ln/HalfCheetah-v4/seed_3/eval.csv
Waiting 60s before checking again...
Missing or incomplete eval.csv files:
  results/mujoco/avg_default_reward_ln/HalfCheetah-v4/seed_2/eval.csv
  results/mujoco/avg_default_reward_ln/HalfCheetah-v4/seed_3/eval.csv
  results/mujoco/avg_default_reward_entropy_ln/HalfCheetah-v4/seed_1/eval.csv
  results/mujoco/avg_default_reward_entropy_ln/HalfCheetah-v4/seed_2/eval.csv
  results/mujoco/avg_default_reward_entropy_ln/HalfCheetah-v4/seed_3/eval.csv
Waiting 60s before checking again...
Missing or incomplete eval.csv files:
  results/mujoco/avg_default_reward_ln/HalfCheetah-v4/seed_2/eval.csv
  results/mujoco/avg_default_reward_ln/HalfCheetah-v4/seed_3/eval.csv
  results/mujoco/avg_default_reward_entropy_ln/HalfCheetah-v4/seed_1/eval.csv
  results/mujoco/avg_default_reward_entropy_ln/HalfCheetah-v4/seed_2/eval.csv
  results/mujoco/avg_default_reward_entropy_ln/HalfCheetah-v4/seed_3/eval.csv
Waiting 60s before checking again...
Missing or incomplete eval.csv files:
  results/mujoco/avg_default_reward_ln/HalfCheetah-v4/seed_2/eval.csv
  results/mujoco/avg_default_reward_ln/HalfCheetah-v4/seed_3/eval.csv
  results/mujoco/avg_default_reward_entropy_ln/HalfCheetah-v4/seed_1/eval.csv
  results/mujoco/avg_default_reward_entropy_ln/HalfCheetah-v4/seed_2/eval.csv
  results/mujoco/avg_default_reward_entropy_ln/HalfCheetah-v4/seed_3/eval.csv
Waiting 60s before checking again...
Missing or incomplete eval.csv files:
  results/mujoco/avg_default_reward_ln/HalfCheetah-v4/seed_2/eval.csv
  results/mujoco/avg_default_reward_ln/HalfCheetah-v4/seed_3/eval.csv
  results/mujoco/avg_default_reward_entropy_ln/HalfCheetah-v4/seed_1/eval.csv
  results/mujoco/avg_default_reward_entropy_ln/HalfCheetah-v4/seed_2/eval.csv
  results/mujoco/avg_default_reward_entropy_ln/HalfCheetah-v4/seed_3/eval.csv
Waiting 60s before checking again...
Missing or incomplete eval.csv files:
  results/mujoco/avg_default_reward_ln/HalfCheetah-v4/seed_2/eval.csv
  results/mujoco/avg_default_reward_ln/HalfCheetah-v4/seed_3/eval.csv
  results/mujoco/avg_default_reward_entropy_ln/HalfCheetah-v4/seed_1/eval.csv
  results/mujoco/avg_default_reward_entropy_ln/HalfCheetah-v4/seed_2/eval.csv
  results/mujoco/avg_default_reward_entropy_ln/HalfCheetah-v4/seed_3/eval.csv
Waiting 60s before checking again...
Missing or incomplete eval.csv files:
  results/mujoco/avg_default_reward_ln/HalfCheetah-v4/seed_2/eval.csv
  results/mujoco/avg_default_reward_ln/HalfCheetah-v4/seed_3/eval.csv
  results/mujoco/avg_default_reward_entropy_ln/HalfCheetah-v4/seed_1/eval.csv
  results/mujoco/avg_default_reward_entropy_ln/HalfCheetah-v4/seed_2/eval.csv
  results/mujoco/avg_default_reward_entropy_ln/HalfCheetah-v4/seed_3/eval.csv
Waiting 60s before checking again...
Missing or incomplete eval.csv files:
  results/mujoco/avg_default_reward_ln/HalfCheetah-v4/seed_2/eval.csv
  results/mujoco/avg_default_reward_ln/HalfCheetah-v4/seed_3/eval.csv
  results/mujoco/avg_default_reward_entropy_ln/HalfCheetah-v4/seed_1/eval.csv
  results/mujoco/avg_default_reward_entropy_ln/HalfCheetah-v4/seed_2/eval.csv
  results/mujoco/avg_default_reward_entropy_ln/HalfCheetah-v4/seed_3/eval.csv
Waiting 60s before checking again...
Missing or incomplete eval.csv files:
  results/mujoco/avg_default_reward_ln/HalfCheetah-v4/seed_2/eval.csv
  results/mujoco/avg_default_reward_ln/HalfCheetah-v4/seed_3/eval.csv
  results/mujoco/avg_default_reward_entropy_ln/HalfCheetah-v4/seed_1/eval.csv
  results/mujoco/avg_default_reward_entropy_ln/HalfCheetah-v4/seed_2/eval.csv
  results/mujoco/avg_default_reward_entropy_ln/HalfCheetah-v4/seed_3/eval.csv
Waiting 60s before checking again...
Missing or incomplete eval.csv files:
  results/mujoco/avg_default_reward_ln/HalfCheetah-v4/seed_2/eval.csv
  results/mujoco/avg_default_reward_ln/HalfCheetah-v4/seed_3/eval.csv
  results/mujoco/avg_default_reward_entropy_ln/HalfCheetah-v4/seed_1/eval.csv
  results/mujoco/avg_default_reward_entropy_ln/HalfCheetah-v4/seed_2/eval.csv
  results/mujoco/avg_default_reward_entropy_ln/HalfCheetah-v4/seed_3/eval.csv
Waiting 60s before checking again...
Missing or incomplete eval.csv files:
  results/mujoco/avg_default_reward_ln/HalfCheetah-v4/seed_2/eval.csv
  results/mujoco/avg_default_reward_ln/HalfCheetah-v4/seed_3/eval.csv
  results/mujoco/avg_default_reward_entropy_ln/HalfCheetah-v4/seed_1/eval.csv
  results/mujoco/avg_default_reward_entropy_ln/HalfCheetah-v4/seed_2/eval.csv
  results/mujoco/avg_default_reward_entropy_ln/HalfCheetah-v4/seed_3/eval.csv
Waiting 60s before checking again...
Missing or incomplete eval.csv files:
  results/mujoco/avg_default_reward_ln/HalfCheetah-v4/seed_3/eval.csv
  results/mujoco/avg_default_reward_entropy_ln/HalfCheetah-v4/seed_1/eval.csv
  results/mujoco/avg_default_reward_entropy_ln/HalfCheetah-v4/seed_2/eval.csv
  results/mujoco/avg_default_reward_entropy_ln/HalfCheetah-v4/seed_3/eval.csv
Waiting 60s before checking again...
Missing or incomplete eval.csv files:
  results/mujoco/avg_default_reward_ln/HalfCheetah-v4/seed_3/eval.csv
  results/mujoco/avg_default_reward_entropy_ln/HalfCheetah-v4/seed_1/eval.csv
  results/mujoco/avg_default_reward_entropy_ln/HalfCheetah-v4/seed_2/eval.csv
  results/mujoco/avg_default_reward_entropy_ln/HalfCheetah-v4/seed_3/eval.csv
Waiting 60s before checking again...
Missing or incomplete eval.csv files:
  results/mujoco/avg_default_reward_ln/HalfCheetah-v4/seed_3/eval.csv
  results/mujoco/avg_default_reward_entropy_ln/HalfCheetah-v4/seed_1/eval.csv
  results/mujoco/avg_default_reward_entropy_ln/HalfCheetah-v4/seed_2/eval.csv
  results/mujoco/avg_default_reward_entropy_ln/HalfCheetah-v4/seed_3/eval.csv
Waiting 60s before checking again...
Missing or incomplete eval.csv files:
  results/mujoco/avg_default_reward_ln/HalfCheetah-v4/seed_3/eval.csv
  results/mujoco/avg_default_reward_entropy_ln/HalfCheetah-v4/seed_1/eval.csv
  results/mujoco/avg_default_reward_entropy_ln/HalfCheetah-v4/seed_2/eval.csv
  results/mujoco/avg_default_reward_entropy_ln/HalfCheetah-v4/seed_3/eval.csv
Waiting 60s before checking again...
Missing or incomplete eval.csv files:
  results/mujoco/avg_default_reward_ln/HalfCheetah-v4/seed_3/eval.csv
  results/mujoco/avg_default_reward_entropy_ln/HalfCheetah-v4/seed_1/eval.csv
  results/mujoco/avg_default_reward_entropy_ln/HalfCheetah-v4/seed_2/eval.csv
  results/mujoco/avg_default_reward_entropy_ln/HalfCheetah-v4/seed_3/eval.csv
Waiting 60s before checking again...
Missing or incomplete eval.csv files:
  results/mujoco/avg_default_reward_ln/HalfCheetah-v4/seed_3/eval.csv
  results/mujoco/avg_default_reward_entropy_ln/HalfCheetah-v4/seed_1/eval.csv
  results/mujoco/avg_default_reward_entropy_ln/HalfCheetah-v4/seed_2/eval.csv
  results/mujoco/avg_default_reward_entropy_ln/HalfCheetah-v4/seed_3/eval.csv
Waiting 60s before checking again...
Missing or incomplete eval.csv files:
  results/mujoco/avg_default_reward_ln/HalfCheetah-v4/seed_3/eval.csv
  results/mujoco/avg_default_reward_entropy_ln/HalfCheetah-v4/seed_1/eval.csv
  results/mujoco/avg_default_reward_entropy_ln/HalfCheetah-v4/seed_2/eval.csv
  results/mujoco/avg_default_reward_entropy_ln/HalfCheetah-v4/seed_3/eval.csv
Waiting 60s before checking again...
Missing or incomplete eval.csv files:
  results/mujoco/avg_default_reward_ln/HalfCheetah-v4/seed_3/eval.csv
  results/mujoco/avg_default_reward_entropy_ln/HalfCheetah-v4/seed_1/eval.csv
  results/mujoco/avg_default_reward_entropy_ln/HalfCheetah-v4/seed_2/eval.csv
  results/mujoco/avg_default_reward_entropy_ln/HalfCheetah-v4/seed_3/eval.csv
Waiting 60s before checking again...
Missing or incomplete eval.csv files:
  results/mujoco/avg_default_reward_ln/HalfCheetah-v4/seed_3/eval.csv
  results/mujoco/avg_default_reward_entropy_ln/HalfCheetah-v4/seed_1/eval.csv
  results/mujoco/avg_default_reward_entropy_ln/HalfCheetah-v4/seed_2/eval.csv
  results/mujoco/avg_default_reward_entropy_ln/HalfCheetah-v4/seed_3/eval.csv
Waiting 60s before checking again...
Missing or incomplete eval.csv files:
  results/mujoco/avg_default_reward_ln/HalfCheetah-v4/seed_3/eval.csv
  results/mujoco/avg_default_reward_entropy_ln/HalfCheetah-v4/seed_1/eval.csv
  results/mujoco/avg_default_reward_entropy_ln/HalfCheetah-v4/seed_2/eval.csv
  results/mujoco/avg_default_reward_entropy_ln/HalfCheetah-v4/seed_3/eval.csv
Waiting 60s before checking again...
Missing or incomplete eval.csv files:
  results/mujoco/avg_default_reward_ln/HalfCheetah-v4/seed_3/eval.csv
  results/mujoco/avg_default_reward_entropy_ln/HalfCheetah-v4/seed_1/eval.csv
  results/mujoco/avg_default_reward_entropy_ln/HalfCheetah-v4/seed_2/eval.csv
  results/mujoco/avg_default_reward_entropy_ln/HalfCheetah-v4/seed_3/eval.csv
Waiting 60s before checking again...
Missing or incomplete eval.csv files:
  results/mujoco/avg_default_reward_ln/HalfCheetah-v4/seed_3/eval.csv
  results/mujoco/avg_default_reward_entropy_ln/HalfCheetah-v4/seed_1/eval.csv
  results/mujoco/avg_default_reward_entropy_ln/HalfCheetah-v4/seed_2/eval.csv
  results/mujoco/avg_default_reward_entropy_ln/HalfCheetah-v4/seed_3/eval.csv
Waiting 60s before checking again...
Missing or incomplete eval.csv files:
  results/mujoco/avg_default_reward_ln/HalfCheetah-v4/seed_3/eval.csv
  results/mujoco/avg_default_reward_entropy_ln/HalfCheetah-v4/seed_1/eval.csv
  results/mujoco/avg_default_reward_entropy_ln/HalfCheetah-v4/seed_2/eval.csv
  results/mujoco/avg_default_reward_entropy_ln/HalfCheetah-v4/seed_3/eval.csv
Waiting 60s before checking again...
Missing or incomplete eval.csv files:
  results/mujoco/avg_default_reward_ln/HalfCheetah-v4/seed_3/eval.csv
  results/mujoco/avg_default_reward_entropy_ln/HalfCheetah-v4/seed_1/eval.csv
  results/mujoco/avg_default_reward_entropy_ln/HalfCheetah-v4/seed_2/eval.csv
  results/mujoco/avg_default_reward_entropy_ln/HalfCheetah-v4/seed_3/eval.csv
Waiting 60s before checking again...
Missing or incomplete eval.csv files:
  results/mujoco/avg_default_reward_ln/HalfCheetah-v4/seed_3/eval.csv
  results/mujoco/avg_default_reward_entropy_ln/HalfCheetah-v4/seed_1/eval.csv
  results/mujoco/avg_default_reward_entropy_ln/HalfCheetah-v4/seed_2/eval.csv
  results/mujoco/avg_default_reward_entropy_ln/HalfCheetah-v4/seed_3/eval.csv
Waiting 60s before checking again...
Missing or incomplete eval.csv files:
  results/mujoco/avg_default_reward_ln/HalfCheetah-v4/seed_3/eval.csv
  results/mujoco/avg_default_reward_entropy_ln/HalfCheetah-v4/seed_1/eval.csv
  results/mujoco/avg_default_reward_entropy_ln/HalfCheetah-v4/seed_2/eval.csv
  results/mujoco/avg_default_reward_entropy_ln/HalfCheetah-v4/seed_3/eval.csv
Waiting 60s before checking again...
Missing or incomplete eval.csv files:
  results/mujoco/avg_default_reward_ln/HalfCheetah-v4/seed_3/eval.csv
  results/mujoco/avg_default_reward_entropy_ln/HalfCheetah-v4/seed_1/eval.csv
  results/mujoco/avg_default_reward_entropy_ln/HalfCheetah-v4/seed_2/eval.csv
  results/mujoco/avg_default_reward_entropy_ln/HalfCheetah-v4/seed_3/eval.csv
Waiting 60s before checking again...
Missing or incomplete eval.csv files:
  results/mujoco/avg_default_reward_ln/HalfCheetah-v4/seed_3/eval.csv
  results/mujoco/avg_default_reward_entropy_ln/HalfCheetah-v4/seed_1/eval.csv
  results/mujoco/avg_default_reward_entropy_ln/HalfCheetah-v4/seed_2/eval.csv
  results/mujoco/avg_default_reward_entropy_ln/HalfCheetah-v4/seed_3/eval.csv
Waiting 60s before checking again...
Missing or incomplete eval.csv files:
  results/mujoco/avg_default_reward_ln/HalfCheetah-v4/seed_3/eval.csv
  results/mujoco/avg_default_reward_entropy_ln/HalfCheetah-v4/seed_1/eval.csv
  results/mujoco/avg_default_reward_entropy_ln/HalfCheetah-v4/seed_2/eval.csv
  results/mujoco/avg_default_reward_entropy_ln/HalfCheetah-v4/seed_3/eval.csv
Waiting 60s before checking again...
Missing or incomplete eval.csv files:
  results/mujoco/avg_default_reward_ln/HalfCheetah-v4/seed_3/eval.csv
  results/mujoco/avg_default_reward_entropy_ln/HalfCheetah-v4/seed_1/eval.csv
  results/mujoco/avg_default_reward_entropy_ln/HalfCheetah-v4/seed_2/eval.csv
  results/mujoco/avg_default_reward_entropy_ln/HalfCheetah-v4/seed_3/eval.csv
Waiting 60s before checking again...
Missing or incomplete eval.csv files:
  results/mujoco/avg_default_reward_ln/HalfCheetah-v4/seed_3/eval.csv
  results/mujoco/avg_default_reward_entropy_ln/HalfCheetah-v4/seed_1/eval.csv
  results/mujoco/avg_default_reward_entropy_ln/HalfCheetah-v4/seed_2/eval.csv
  results/mujoco/avg_default_reward_entropy_ln/HalfCheetah-v4/seed_3/eval.csv
Waiting 60s before checking again...
Missing or incomplete eval.csv files:
  results/mujoco/avg_default_reward_ln/HalfCheetah-v4/seed_3/eval.csv
  results/mujoco/avg_default_reward_entropy_ln/HalfCheetah-v4/seed_1/eval.csv
  results/mujoco/avg_default_reward_entropy_ln/HalfCheetah-v4/seed_2/eval.csv
  results/mujoco/avg_default_reward_entropy_ln/HalfCheetah-v4/seed_3/eval.csv
Waiting 60s before checking again...
Missing or incomplete eval.csv files:
  results/mujoco/avg_default_reward_entropy_ln/HalfCheetah-v4/seed_1/eval.csv
  results/mujoco/avg_default_reward_entropy_ln/HalfCheetah-v4/seed_2/eval.csv
  results/mujoco/avg_default_reward_entropy_ln/HalfCheetah-v4/seed_3/eval.csv
Waiting 60s before checking again...
Missing or incomplete eval.csv files:
  results/mujoco/avg_default_reward_entropy_ln/HalfCheetah-v4/seed_1/eval.csv
  results/mujoco/avg_default_reward_entropy_ln/HalfCheetah-v4/seed_2/eval.csv
  results/mujoco/avg_default_reward_entropy_ln/HalfCheetah-v4/seed_3/eval.csv
Waiting 60s before checking again...
Missing or incomplete eval.csv files:
  results/mujoco/avg_default_reward_entropy_ln/HalfCheetah-v4/seed_1/eval.csv
  results/mujoco/avg_default_reward_entropy_ln/HalfCheetah-v4/seed_2/eval.csv
  results/mujoco/avg_default_reward_entropy_ln/HalfCheetah-v4/seed_3/eval.csv
Waiting 60s before checking again...
Missing or incomplete eval.csv files:
  results/mujoco/avg_default_reward_entropy_ln/HalfCheetah-v4/seed_1/eval.csv
  results/mujoco/avg_default_reward_entropy_ln/HalfCheetah-v4/seed_2/eval.csv
  results/mujoco/avg_default_reward_entropy_ln/HalfCheetah-v4/seed_3/eval.csv
Waiting 60s before checking again...
Missing or incomplete eval.csv files:
  results/mujoco/avg_default_reward_entropy_ln/HalfCheetah-v4/seed_1/eval.csv
  results/mujoco/avg_default_reward_entropy_ln/HalfCheetah-v4/seed_2/eval.csv
  results/mujoco/avg_default_reward_entropy_ln/HalfCheetah-v4/seed_3/eval.csv
Waiting 60s before checking again...
Missing or incomplete eval.csv files:
  results/mujoco/avg_default_reward_entropy_ln/HalfCheetah-v4/seed_1/eval.csv
  results/mujoco/avg_default_reward_entropy_ln/HalfCheetah-v4/seed_2/eval.csv
  results/mujoco/avg_default_reward_entropy_ln/HalfCheetah-v4/seed_3/eval.csv
Waiting 60s before checking again...
Missing or incomplete eval.csv files:
  results/mujoco/avg_default_reward_entropy_ln/HalfCheetah-v4/seed_1/eval.csv
  results/mujoco/avg_default_reward_entropy_ln/HalfCheetah-v4/seed_2/eval.csv
  results/mujoco/avg_default_reward_entropy_ln/HalfCheetah-v4/seed_3/eval.csv
Waiting 60s before checking again...
Missing or incomplete eval.csv files:
  results/mujoco/avg_default_reward_entropy_ln/HalfCheetah-v4/seed_1/eval.csv
  results/mujoco/avg_default_reward_entropy_ln/HalfCheetah-v4/seed_2/eval.csv
  results/mujoco/avg_default_reward_entropy_ln/HalfCheetah-v4/seed_3/eval.csv
Waiting 60s before checking again...
Missing or incomplete eval.csv files:
  results/mujoco/avg_default_reward_entropy_ln/HalfCheetah-v4/seed_1/eval.csv
  results/mujoco/avg_default_reward_entropy_ln/HalfCheetah-v4/seed_2/eval.csv
  results/mujoco/avg_default_reward_entropy_ln/HalfCheetah-v4/seed_3/eval.csv
Waiting 60s before checking again...
Missing or incomplete eval.csv files:
  results/mujoco/avg_default_reward_entropy_ln/HalfCheetah-v4/seed_1/eval.csv
  results/mujoco/avg_default_reward_entropy_ln/HalfCheetah-v4/seed_2/eval.csv
  results/mujoco/avg_default_reward_entropy_ln/HalfCheetah-v4/seed_3/eval.csv
Waiting 60s before checking again...
Missing or incomplete eval.csv files:
  results/mujoco/avg_default_reward_entropy_ln/HalfCheetah-v4/seed_1/eval.csv
  results/mujoco/avg_default_reward_entropy_ln/HalfCheetah-v4/seed_2/eval.csv
  results/mujoco/avg_default_reward_entropy_ln/HalfCheetah-v4/seed_3/eval.csv
Waiting 60s before checking again...
Missing or incomplete eval.csv files:
  results/mujoco/avg_default_reward_entropy_ln/HalfCheetah-v4/seed_1/eval.csv
  results/mujoco/avg_default_reward_entropy_ln/HalfCheetah-v4/seed_2/eval.csv
  results/mujoco/avg_default_reward_entropy_ln/HalfCheetah-v4/seed_3/eval.csv
Waiting 60s before checking again...
Missing or incomplete eval.csv files:
  results/mujoco/avg_default_reward_entropy_ln/HalfCheetah-v4/seed_1/eval.csv
  results/mujoco/avg_default_reward_entropy_ln/HalfCheetah-v4/seed_2/eval.csv
  results/mujoco/avg_default_reward_entropy_ln/HalfCheetah-v4/seed_3/eval.csv
Waiting 60s before checking again...
Missing or incomplete eval.csv files:
  results/mujoco/avg_default_reward_entropy_ln/HalfCheetah-v4/seed_1/eval.csv
  results/mujoco/avg_default_reward_entropy_ln/HalfCheetah-v4/seed_2/eval.csv
  results/mujoco/avg_default_reward_entropy_ln/HalfCheetah-v4/seed_3/eval.csv
Waiting 60s before checking again...
Missing or incomplete eval.csv files:
  results/mujoco/avg_default_reward_entropy_ln/HalfCheetah-v4/seed_1/eval.csv
  results/mujoco/avg_default_reward_entropy_ln/HalfCheetah-v4/seed_2/eval.csv
  results/mujoco/avg_default_reward_entropy_ln/HalfCheetah-v4/seed_3/eval.csv
Waiting 60s before checking again...
Missing or incomplete eval.csv files:
  results/mujoco/avg_default_reward_entropy_ln/HalfCheetah-v4/seed_1/eval.csv
  results/mujoco/avg_default_reward_entropy_ln/HalfCheetah-v4/seed_2/eval.csv
  results/mujoco/avg_default_reward_entropy_ln/HalfCheetah-v4/seed_3/eval.csv
Waiting 60s before checking again...
Missing or incomplete eval.csv files:
  results/mujoco/avg_default_reward_entropy_ln/HalfCheetah-v4/seed_1/eval.csv
  results/mujoco/avg_default_reward_entropy_ln/HalfCheetah-v4/seed_2/eval.csv
  results/mujoco/avg_default_reward_entropy_ln/HalfCheetah-v4/seed_3/eval.csv
Waiting 60s before checking again...
Missing or incomplete eval.csv files:
  results/mujoco/avg_default_reward_entropy_ln/HalfCheetah-v4/seed_1/eval.csv
  results/mujoco/avg_default_reward_entropy_ln/HalfCheetah-v4/seed_2/eval.csv
  results/mujoco/avg_default_reward_entropy_ln/HalfCheetah-v4/seed_3/eval.csv
Waiting 60s before checking again...
Missing or incomplete eval.csv files:
  results/mujoco/avg_default_reward_entropy_ln/HalfCheetah-v4/seed_1/eval.csv
  results/mujoco/avg_default_reward_entropy_ln/HalfCheetah-v4/seed_2/eval.csv
  results/mujoco/avg_default_reward_entropy_ln/HalfCheetah-v4/seed_3/eval.csv
Waiting 60s before checking again...
Missing or incomplete eval.csv files:
  results/mujoco/avg_default_reward_entropy_ln/HalfCheetah-v4/seed_1/eval.csv
  results/mujoco/avg_default_reward_entropy_ln/HalfCheetah-v4/seed_2/eval.csv
  results/mujoco/avg_default_reward_entropy_ln/HalfCheetah-v4/seed_3/eval.csv
Waiting 60s before checking again...
Missing or incomplete eval.csv files:
  results/mujoco/avg_default_reward_entropy_ln/HalfCheetah-v4/seed_1/eval.csv
  results/mujoco/avg_default_reward_entropy_ln/HalfCheetah-v4/seed_2/eval.csv
  results/mujoco/avg_default_reward_entropy_ln/HalfCheetah-v4/seed_3/eval.csv
Waiting 60s before checking again...
Missing or incomplete eval.csv files:
  results/mujoco/avg_default_reward_entropy_ln/HalfCheetah-v4/seed_1/eval.csv
  results/mujoco/avg_default_reward_entropy_ln/HalfCheetah-v4/seed_2/eval.csv
  results/mujoco/avg_default_reward_entropy_ln/HalfCheetah-v4/seed_3/eval.csv
Waiting 60s before checking again...
Missing or incomplete eval.csv files:
  results/mujoco/avg_default_reward_entropy_ln/HalfCheetah-v4/seed_2/eval.csv
  results/mujoco/avg_default_reward_entropy_ln/HalfCheetah-v4/seed_3/eval.csv
Waiting 60s before checking again...
Missing or incomplete eval.csv files:
  results/mujoco/avg_default_reward_entropy_ln/HalfCheetah-v4/seed_2/eval.csv
  results/mujoco/avg_default_reward_entropy_ln/HalfCheetah-v4/seed_3/eval.csv
Waiting 60s before checking again...
Missing or incomplete eval.csv files:
  results/mujoco/avg_default_reward_entropy_ln/HalfCheetah-v4/seed_2/eval.csv
  results/mujoco/avg_default_reward_entropy_ln/HalfCheetah-v4/seed_3/eval.csv
Waiting 60s before checking again...
Missing or incomplete eval.csv files:
  results/mujoco/avg_default_reward_entropy_ln/HalfCheetah-v4/seed_2/eval.csv
  results/mujoco/avg_default_reward_entropy_ln/HalfCheetah-v4/seed_3/eval.csv
Waiting 60s before checking again...
Missing or incomplete eval.csv files:
  results/mujoco/avg_default_reward_entropy_ln/HalfCheetah-v4/seed_2/eval.csv
  results/mujoco/avg_default_reward_entropy_ln/HalfCheetah-v4/seed_3/eval.csv
Waiting 60s before checking again...
Missing or incomplete eval.csv files:
  results/mujoco/avg_default_reward_entropy_ln/HalfCheetah-v4/seed_2/eval.csv
  results/mujoco/avg_default_reward_entropy_ln/HalfCheetah-v4/seed_3/eval.csv
Waiting 60s before checking again...
Missing or incomplete eval.csv files:
  results/mujoco/avg_default_reward_entropy_ln/HalfCheetah-v4/seed_2/eval.csv
  results/mujoco/avg_default_reward_entropy_ln/HalfCheetah-v4/seed_3/eval.csv
Waiting 60s before checking again...
Missing or incomplete eval.csv files:
  results/mujoco/avg_default_reward_entropy_ln/HalfCheetah-v4/seed_2/eval.csv
  results/mujoco/avg_default_reward_entropy_ln/HalfCheetah-v4/seed_3/eval.csv
Waiting 60s before checking again...
Missing or incomplete eval.csv files:
  results/mujoco/avg_default_reward_entropy_ln/HalfCheetah-v4/seed_2/eval.csv
  results/mujoco/avg_default_reward_entropy_ln/HalfCheetah-v4/seed_3/eval.csv
Waiting 60s before checking again...
Missing or incomplete eval.csv files:
  results/mujoco/avg_default_reward_entropy_ln/HalfCheetah-v4/seed_2/eval.csv
  results/mujoco/avg_default_reward_entropy_ln/HalfCheetah-v4/seed_3/eval.csv
Waiting 60s before checking again...
Missing or incomplete eval.csv files:
  results/mujoco/avg_default_reward_entropy_ln/HalfCheetah-v4/seed_2/eval.csv
  results/mujoco/avg_default_reward_entropy_ln/HalfCheetah-v4/seed_3/eval.csv
Waiting 60s before checking again...
Missing or incomplete eval.csv files:
  results/mujoco/avg_default_reward_entropy_ln/HalfCheetah-v4/seed_2/eval.csv
  results/mujoco/avg_default_reward_entropy_ln/HalfCheetah-v4/seed_3/eval.csv
Waiting 60s before checking again...
Missing or incomplete eval.csv files:
  results/mujoco/avg_default_reward_entropy_ln/HalfCheetah-v4/seed_2/eval.csv
  results/mujoco/avg_default_reward_entropy_ln/HalfCheetah-v4/seed_3/eval.csv
Waiting 60s before checking again...
Missing or incomplete eval.csv files:
  results/mujoco/avg_default_reward_entropy_ln/HalfCheetah-v4/seed_2/eval.csv
  results/mujoco/avg_default_reward_entropy_ln/HalfCheetah-v4/seed_3/eval.csv
Waiting 60s before checking again...
Missing or incomplete eval.csv files:
  results/mujoco/avg_default_reward_entropy_ln/HalfCheetah-v4/seed_2/eval.csv
  results/mujoco/avg_default_reward_entropy_ln/HalfCheetah-v4/seed_3/eval.csv
Waiting 60s before checking again...
Missing or incomplete eval.csv files:
  results/mujoco/avg_default_reward_entropy_ln/HalfCheetah-v4/seed_2/eval.csv
  results/mujoco/avg_default_reward_entropy_ln/HalfCheetah-v4/seed_3/eval.csv
Waiting 60s before checking again...
Missing or incomplete eval.csv files:
  results/mujoco/avg_default_reward_entropy_ln/HalfCheetah-v4/seed_2/eval.csv
  results/mujoco/avg_default_reward_entropy_ln/HalfCheetah-v4/seed_3/eval.csv
Waiting 60s before checking again...
Missing or incomplete eval.csv files:
  results/mujoco/avg_default_reward_entropy_ln/HalfCheetah-v4/seed_2/eval.csv
  results/mujoco/avg_default_reward_entropy_ln/HalfCheetah-v4/seed_3/eval.csv
Waiting 60s before checking again...
Missing or incomplete eval.csv files:
  results/mujoco/avg_default_reward_entropy_ln/HalfCheetah-v4/seed_2/eval.csv
  results/mujoco/avg_default_reward_entropy_ln/HalfCheetah-v4/seed_3/eval.csv
Waiting 60s before checking again...
Missing or incomplete eval.csv files:
  results/mujoco/avg_default_reward_entropy_ln/HalfCheetah-v4/seed_2/eval.csv
  results/mujoco/avg_default_reward_entropy_ln/HalfCheetah-v4/seed_3/eval.csv
Waiting 60s before checking again...
Missing or incomplete eval.csv files:
  results/mujoco/avg_default_reward_entropy_ln/HalfCheetah-v4/seed_2/eval.csv
  results/mujoco/avg_default_reward_entropy_ln/HalfCheetah-v4/seed_3/eval.csv
Waiting 60s before checking again...
Missing or incomplete eval.csv files:
  results/mujoco/avg_default_reward_entropy_ln/HalfCheetah-v4/seed_2/eval.csv
  results/mujoco/avg_default_reward_entropy_ln/HalfCheetah-v4/seed_3/eval.csv
Waiting 60s before checking again...
Missing or incomplete eval.csv files:
  results/mujoco/avg_default_reward_entropy_ln/HalfCheetah-v4/seed_3/eval.csv
Waiting 60s before checking again...
Missing or incomplete eval.csv files:
  results/mujoco/avg_default_reward_entropy_ln/HalfCheetah-v4/seed_3/eval.csv
Waiting 60s before checking again...
Missing or incomplete eval.csv files:
  results/mujoco/avg_default_reward_entropy_ln/HalfCheetah-v4/seed_3/eval.csv
Waiting 60s before checking again...
Missing or incomplete eval.csv files:
  results/mujoco/avg_default_reward_entropy_ln/HalfCheetah-v4/seed_3/eval.csv
Waiting 60s before checking again...
Missing or incomplete eval.csv files:
  results/mujoco/avg_default_reward_entropy_ln/HalfCheetah-v4/seed_3/eval.csv
Waiting 60s before checking again...
Missing or incomplete eval.csv files:
  results/mujoco/avg_default_reward_entropy_ln/HalfCheetah-v4/seed_3/eval.csv
Waiting 60s before checking again...
Missing or incomplete eval.csv files:
  results/mujoco/avg_default_reward_entropy_ln/HalfCheetah-v4/seed_3/eval.csv
Waiting 60s before checking again...
Missing or incomplete eval.csv files:
  results/mujoco/avg_default_reward_entropy_ln/HalfCheetah-v4/seed_3/eval.csv
Waiting 60s before checking again...
Missing or incomplete eval.csv files:
  results/mujoco/avg_default_reward_entropy_ln/HalfCheetah-v4/seed_3/eval.csv
Waiting 60s before checking again...
Missing or incomplete eval.csv files:
  results/mujoco/avg_default_reward_entropy_ln/HalfCheetah-v4/seed_3/eval.csv
Waiting 60s before checking again...
Missing or incomplete eval.csv files:
  results/mujoco/avg_default_reward_entropy_ln/HalfCheetah-v4/seed_3/eval.csv
Waiting 60s before checking again...
Missing or incomplete eval.csv files:
  results/mujoco/avg_default_reward_entropy_ln/HalfCheetah-v4/seed_3/eval.csv
Waiting 60s before checking again...
Missing or incomplete eval.csv files:
  results/mujoco/avg_default_reward_entropy_ln/HalfCheetah-v4/seed_3/eval.csv
Waiting 60s before checking again...
Missing or incomplete eval.csv files:
  results/mujoco/avg_default_reward_entropy_ln/HalfCheetah-v4/seed_3/eval.csv
Waiting 60s before checking again...
Missing or incomplete eval.csv files:
  results/mujoco/avg_default_reward_entropy_ln/HalfCheetah-v4/seed_3/eval.csv
Waiting 60s before checking again...
Missing or incomplete eval.csv files:
  results/mujoco/avg_default_reward_entropy_ln/HalfCheetah-v4/seed_3/eval.csv
Waiting 60s before checking again...
Missing or incomplete eval.csv files:
  results/mujoco/avg_default_reward_entropy_ln/HalfCheetah-v4/seed_3/eval.csv
Waiting 60s before checking again...
Missing or incomplete eval.csv files:
  results/mujoco/avg_default_reward_entropy_ln/HalfCheetah-v4/seed_3/eval.csv
Waiting 60s before checking again...
Missing or incomplete eval.csv files:
  results/mujoco/avg_default_reward_entropy_ln/HalfCheetah-v4/seed_3/eval.csv
Waiting 60s before checking again...
Missing or incomplete eval.csv files:
  results/mujoco/avg_default_reward_entropy_ln/HalfCheetah-v4/seed_3/eval.csv
Waiting 60s before checking again...
Missing or incomplete eval.csv files:
  results/mujoco/avg_default_reward_entropy_ln/HalfCheetah-v4/seed_3/eval.csv
Waiting 60s before checking again...
Missing or incomplete eval.csv files:
  results/mujoco/avg_default_reward_entropy_ln/HalfCheetah-v4/seed_3/eval.csv
Waiting 60s before checking again...
Saved evaluation comparison to: results/mujoco/comparisons/HalfCheetah-v4_avg_default_ablations_with_avg_A_eval.png
Saved training comparison to: results/mujoco/comparisons/HalfCheetah-v4_avg_default_ablations_with_avg_A_train.png
Saved summary table to: results/mujoco/comparisons/HalfCheetah-v4_avg_default_ablations_with_avg_A_summary.csv

Ranking by final evaluation mean:
                                       variant  final_eval_mean  best_eval_mean
                     AVG paper hparams vanilla      1784.692009     1950.423795
                           AVG default TD only      1284.110513     1314.933413
                  AVG default + reward scaling      1263.524978     1263.524978
            AVG default + reward + eta scaling      1258.054261     1269.473200
      AVG default + reward scaling + LayerNorm      1160.584118     1399.208830
AVG default + reward + eta scaling + LayerNorm      1129.868053     1146.569394
                       AVG default + LayerNorm       866.977969     1092.344314
