=== AVG C LN clipped finger-spin seeds 1,2,3 started Wed May  6 22:06:35 CEST 2026 ===
=== seed 1 started Wed May  6 22:06:35 CEST 2026 ===

======================================================================
AVG Algorithm - Faithful Implementation with Scaling Ablations
======================================================================
Variant: avg_C_ln_clip
Scaling Mode: td_reward_entropy
TD-error + internal reward rescaling + entropy scaling
LayerNorm in hidden layers: YES
Environment: finger-spin-v0 (dmcontrol)
Total Steps: 1000000
Seed: 1
======================================================================

[EVAL] step = 10000 mean = 1.60 std = 3.32
[EVAL] step = 20000 mean = 0.00 std = 0.00
[EVAL] step = 30000 mean = 0.00 std = 0.00
[EVAL] step = 40000 mean = 0.00 std = 0.00
[EVAL] step = 50000 mean = 0.00 std = 0.00
[EVAL] step = 60000 mean = 0.00 std = 0.00
[EVAL] step = 70000 mean = 0.00 std = 0.00
[EVAL] step = 80000 mean = 0.00 std = 0.00
[EVAL] step = 90000 mean = 0.00 std = 0.00
[EVAL] step = 100000 mean = 0.00 std = 0.00
[EVAL] step = 110000 mean = 0.00 std = 0.00
[EVAL] step = 120000 mean = 0.00 std = 0.00
[EVAL] step = 130000 mean = 0.00 std = 0.00
[EVAL] step = 140000 mean = 0.00 std = 0.00
[EVAL] step = 150000 mean = 0.00 std = 0.00
[EVAL] step = 160000 mean = 0.00 std = 0.00
[EVAL] step = 170000 mean = 0.00 std = 0.00
[EVAL] step = 180000 mean = 0.00 std = 0.00
[EVAL] step = 190000 mean = 0.00 std = 0.00
[EVAL] step = 200000 mean = 0.00 std = 0.00
[EVAL] step = 210000 mean = 0.00 std = 0.00
[EVAL] step = 220000 mean = 0.00 std = 0.00
[EVAL] step = 230000 mean = 0.00 std = 0.00
[EVAL] step = 240000 mean = 0.00 std = 0.00
[EVAL] step = 250000 mean = 0.00 std = 0.00
[EVAL] step = 260000 mean = 0.00 std = 0.00
[EVAL] step = 270000 mean = 0.00 std = 0.00
[EVAL] step = 280000 mean = 0.00 std = 0.00
[EVAL] step = 290000 mean = 0.00 std = 0.00
[EVAL] step = 300000 mean = 0.00 std = 0.00
[EVAL] step = 310000 mean = 0.00 std = 0.00
[EVAL] step = 320000 mean = 0.00 std = 0.00
[EVAL] step = 330000 mean = 0.00 std = 0.00
[EVAL] step = 340000 mean = 0.00 std = 0.00
[EVAL] step = 350000 mean = 0.00 std = 0.00
[EVAL] step = 360000 mean = 0.00 std = 0.00
[EVAL] step = 370000 mean = 0.00 std = 0.00
[EVAL] step = 380000 mean = 0.00 std = 0.00
[EVAL] step = 390000 mean = 0.00 std = 0.00
[EVAL] step = 400000 mean = 0.00 std = 0.00
[EVAL] step = 410000 mean = 0.00 std = 0.00
[EVAL] step = 420000 mean = 0.00 std = 0.00
[EVAL] step = 430000 mean = 0.00 std = 0.00
[EVAL] step = 440000 mean = 0.00 std = 0.00
[EVAL] step = 450000 mean = 0.00 std = 0.00
[EVAL] step = 460000 mean = 0.00 std = 0.00
[EVAL] step = 470000 mean = 0.00 std = 0.00
[EVAL] step = 480000 mean = 0.00 std = 0.00
[EVAL] step = 490000 mean = 0.00 std = 0.00
[EVAL] step = 500000 mean = 0.00 std = 0.00
[EVAL] step = 510000 mean = 0.00 std = 0.00
[EVAL] step = 520000 mean = 0.00 std = 0.00
[EVAL] step = 530000 mean = 0.00 std = 0.00
[EVAL] step = 540000 mean = 0.00 std = 0.00
[EVAL] step = 550000 mean = 0.00 std = 0.00
[EVAL] step = 560000 mean = 0.00 std = 0.00
[EVAL] step = 570000 mean = 0.00 std = 0.00
[EVAL] step = 580000 mean = 0.00 std = 0.00
[EVAL] step = 590000 mean = 0.00 std = 0.00
[EVAL] step = 600000 mean = 0.00 std = 0.00
[EVAL] step = 610000 mean = 0.00 std = 0.00
[EVAL] step = 620000 mean = 0.00 std = 0.00
[EVAL] step = 630000 mean = 0.00 std = 0.00
[EVAL] step = 640000 mean = 0.00 std = 0.00
[EVAL] step = 650000 mean = 0.00 std = 0.00
[EVAL] step = 660000 mean = 0.00 std = 0.00
[EVAL] step = 670000 mean = 0.00 std = 0.00
[EVAL] step = 680000 mean = 0.00 std = 0.00
[EVAL] step = 690000 mean = 0.00 std = 0.00
[EVAL] step = 700000 mean = 0.00 std = 0.00
[EVAL] step = 710000 mean = 0.00 std = 0.00
[EVAL] step = 720000 mean = 0.00 std = 0.00
[EVAL] step = 730000 mean = 0.00 std = 0.00
[EVAL] step = 740000 mean = 0.00 std = 0.00
[EVAL] step = 750000 mean = 0.00 std = 0.00
[EVAL] step = 760000 mean = 0.00 std = 0.00
[EVAL] step = 770000 mean = 0.00 std = 0.00
[EVAL] step = 780000 mean = 0.00 std = 0.00
[EVAL] step = 790000 mean = 0.00 std = 0.00
[EVAL] step = 800000 mean = 0.00 std = 0.00
[EVAL] step = 810000 mean = 0.00 std = 0.00
[EVAL] step = 820000 mean = 0.00 std = 0.00
[EVAL] step = 830000 mean = 0.00 std = 0.00
[EVAL] step = 840000 mean = 0.00 std = 0.00
[EVAL] step = 850000 mean = 0.00 std = 0.00
[EVAL] step = 860000 mean = 0.00 std = 0.00
[EVAL] step = 870000 mean = 0.00 std = 0.00
[EVAL] step = 880000 mean = 0.00 std = 0.00
[EVAL] step = 890000 mean = 0.00 std = 0.00
[EVAL] step = 900000 mean = 0.00 std = 0.00
[EVAL] step = 910000 mean = 0.00 std = 0.00
[EVAL] step = 920000 mean = 0.00 std = 0.00
[EVAL] step = 930000 mean = 0.00 std = 0.00
[EVAL] step = 940000 mean = 0.00 std = 0.00
[EVAL] step = 950000 mean = 0.00 std = 0.00
[EVAL] step = 960000 mean = 0.00 std = 0.00
[EVAL] step = 970000 mean = 0.00 std = 0.00
[EVAL] step = 980000 mean = 0.00 std = 0.00
[EVAL] step = 990000 mean = 0.00 std = 0.00
[EVAL] step = 1000000 mean = 0.00 std = 0.00
=== seed 1 finished Wed May  6 22:36:57 CEST 2026 ===
=== seed 2 started Wed May  6 22:36:57 CEST 2026 ===

======================================================================
AVG Algorithm - Faithful Implementation with Scaling Ablations
======================================================================
Variant: avg_C_ln_clip
Scaling Mode: td_reward_entropy
TD-error + internal reward rescaling + entropy scaling
LayerNorm in hidden layers: YES
Environment: finger-spin-v0 (dmcontrol)
Total Steps: 1000000
Seed: 2
======================================================================

[EVAL] step = 10000 mean = 0.00 std = 0.00
[EVAL] step = 20000 mean = 0.00 std = 0.00
[EVAL] step = 30000 mean = 0.00 std = 0.00
[EVAL] step = 40000 mean = 0.00 std = 0.00
[EVAL] step = 50000 mean = 0.00 std = 0.00
[EVAL] step = 60000 mean = 0.00 std = 0.00
[EVAL] step = 70000 mean = 0.00 std = 0.00
[EVAL] step = 80000 mean = 0.00 std = 0.00
[EVAL] step = 90000 mean = 0.00 std = 0.00
[EVAL] step = 100000 mean = 0.00 std = 0.00
[EVAL] step = 110000 mean = 0.00 std = 0.00
[EVAL] step = 120000 mean = 0.00 std = 0.00
[EVAL] step = 130000 mean = 0.00 std = 0.00
[EVAL] step = 140000 mean = 0.00 std = 0.00
[EVAL] step = 150000 mean = 0.00 std = 0.00
[EVAL] step = 160000 mean = 0.00 std = 0.00
[EVAL] step = 170000 mean = 0.00 std = 0.00
[EVAL] step = 180000 mean = 0.00 std = 0.00
[EVAL] step = 190000 mean = 0.00 std = 0.00
[EVAL] step = 200000 mean = 0.00 std = 0.00
[EVAL] step = 210000 mean = 0.00 std = 0.00
[EVAL] step = 220000 mean = 0.00 std = 0.00
[EVAL] step = 230000 mean = 0.00 std = 0.00
[EVAL] step = 240000 mean = 0.00 std = 0.00
[EVAL] step = 250000 mean = 0.00 std = 0.00
[EVAL] step = 260000 mean = 0.00 std = 0.00
[EVAL] step = 270000 mean = 0.00 std = 0.00
[EVAL] step = 280000 mean = 0.00 std = 0.00
[EVAL] step = 290000 mean = 0.00 std = 0.00
[EVAL] step = 300000 mean = 0.00 std = 0.00
[EVAL] step = 310000 mean = 0.00 std = 0.00
[EVAL] step = 320000 mean = 0.00 std = 0.00
[EVAL] step = 330000 mean = 0.00 std = 0.00
[EVAL] step = 340000 mean = 0.00 std = 0.00
[EVAL] step = 350000 mean = 0.00 std = 0.00
[EVAL] step = 360000 mean = 0.00 std = 0.00
[EVAL] step = 370000 mean = 0.00 std = 0.00
[EVAL] step = 380000 mean = 0.00 std = 0.00
[EVAL] step = 390000 mean = 0.00 std = 0.00
[EVAL] step = 400000 mean = 0.00 std = 0.00
[EVAL] step = 410000 mean = 0.00 std = 0.00
[EVAL] step = 420000 mean = 0.00 std = 0.00
[EVAL] step = 430000 mean = 0.00 std = 0.00
[EVAL] step = 440000 mean = 0.00 std = 0.00
[EVAL] step = 450000 mean = 0.00 std = 0.00
[EVAL] step = 460000 mean = 0.00 std = 0.00
[EVAL] step = 470000 mean = 0.00 std = 0.00
[EVAL] step = 480000 mean = 0.00 std = 0.00
[EVAL] step = 490000 mean = 0.00 std = 0.00
[EVAL] step = 500000 mean = 0.00 std = 0.00
[EVAL] step = 510000 mean = 0.00 std = 0.00
[EVAL] step = 520000 mean = 0.00 std = 0.00
[EVAL] step = 530000 mean = 0.00 std = 0.00
[EVAL] step = 540000 mean = 0.00 std = 0.00
[EVAL] step = 550000 mean = 0.00 std = 0.00
[EVAL] step = 560000 mean = 0.00 std = 0.00
[EVAL] step = 570000 mean = 0.00 std = 0.00
[EVAL] step = 580000 mean = 0.00 std = 0.00
[EVAL] step = 590000 mean = 0.00 std = 0.00
[EVAL] step = 600000 mean = 0.00 std = 0.00
[EVAL] step = 610000 mean = 0.00 std = 0.00
[EVAL] step = 620000 mean = 0.00 std = 0.00
[EVAL] step = 630000 mean = 0.00 std = 0.00
[EVAL] step = 640000 mean = 0.00 std = 0.00
[EVAL] step = 650000 mean = 0.00 std = 0.00
[EVAL] step = 660000 mean = 0.00 std = 0.00
[EVAL] step = 670000 mean = 0.00 std = 0.00
[EVAL] step = 680000 mean = 0.00 std = 0.00
[EVAL] step = 690000 mean = 0.00 std = 0.00
[EVAL] step = 700000 mean = 0.00 std = 0.00
[EVAL] step = 710000 mean = 0.00 std = 0.00
[EVAL] step = 720000 mean = 0.00 std = 0.00
[EVAL] step = 730000 mean = 0.00 std = 0.00
[EVAL] step = 740000 mean = 0.00 std = 0.00
[EVAL] step = 750000 mean = 0.00 std = 0.00
[EVAL] step = 760000 mean = 0.00 std = 0.00
[EVAL] step = 770000 mean = 0.00 std = 0.00
[EVAL] step = 780000 mean = 0.00 std = 0.00
[EVAL] step = 790000 mean = 0.00 std = 0.00
[EVAL] step = 800000 mean = 0.00 std = 0.00
[EVAL] step = 810000 mean = 0.00 std = 0.00
[EVAL] step = 820000 mean = 0.00 std = 0.00
[EVAL] step = 830000 mean = 0.00 std = 0.00
[EVAL] step = 840000 mean = 0.00 std = 0.00
[EVAL] step = 850000 mean = 0.00 std = 0.00
[EVAL] step = 860000 mean = 0.00 std = 0.00
[EVAL] step = 870000 mean = 0.00 std = 0.00
[EVAL] step = 880000 mean = 0.00 std = 0.00
[EVAL] step = 890000 mean = 0.00 std = 0.00
[EVAL] step = 900000 mean = 0.00 std = 0.00
[EVAL] step = 910000 mean = 0.00 std = 0.00
[EVAL] step = 920000 mean = 0.00 std = 0.00
[EVAL] step = 930000 mean = 0.00 std = 0.00
[EVAL] step = 940000 mean = 0.00 std = 0.00
[EVAL] step = 950000 mean = 0.00 std = 0.00
[EVAL] step = 960000 mean = 0.00 std = 0.00
[EVAL] step = 970000 mean = 0.00 std = 0.00
[EVAL] step = 980000 mean = 0.00 std = 0.00
[EVAL] step = 990000 mean = 0.00 std = 0.00
[EVAL] step = 1000000 mean = 0.00 std = 0.00
=== seed 2 finished Wed May  6 23:07:22 CEST 2026 ===
=== seed 3 started Wed May  6 23:07:22 CEST 2026 ===

======================================================================
AVG Algorithm - Faithful Implementation with Scaling Ablations
======================================================================
Variant: avg_C_ln_clip
Scaling Mode: td_reward_entropy
TD-error + internal reward rescaling + entropy scaling
LayerNorm in hidden layers: YES
Environment: finger-spin-v0 (dmcontrol)
Total Steps: 1000000
Seed: 3
======================================================================

[EVAL] step = 10000 mean = 1.00 std = 2.05
[EVAL] step = 20000 mean = 0.70 std = 2.10
[EVAL] step = 30000 mean = 0.90 std = 2.12
[EVAL] step = 40000 mean = 1.50 std = 3.01
[EVAL] step = 50000 mean = 1.30 std = 2.69
[EVAL] step = 60000 mean = 1.50 std = 3.01
[EVAL] step = 70000 mean = 1.50 std = 3.01
[EVAL] step = 80000 mean = 1.50 std = 3.01
[EVAL] step = 90000 mean = 1.50 std = 3.01
[EVAL] step = 100000 mean = 1.50 std = 3.01
[EVAL] step = 110000 mean = 1.50 std = 3.01
[EVAL] step = 120000 mean = 1.50 std = 3.01
[EVAL] step = 130000 mean = 1.50 std = 3.01
[EVAL] step = 140000 mean = 1.50 std = 3.01
[EVAL] step = 150000 mean = 1.50 std = 3.01
[EVAL] step = 160000 mean = 1.50 std = 3.01
[EVAL] step = 170000 mean = 1.50 std = 3.01
[EVAL] step = 180000 mean = 1.50 std = 3.01
[EVAL] step = 190000 mean = 1.50 std = 3.01
[EVAL] step = 200000 mean = 1.50 std = 3.01
[EVAL] step = 210000 mean = 1.50 std = 3.01
[EVAL] step = 220000 mean = 1.50 std = 3.01
[EVAL] step = 230000 mean = 1.50 std = 3.01
[EVAL] step = 240000 mean = 1.50 std = 3.01
[EVAL] step = 250000 mean = 1.50 std = 3.01
[EVAL] step = 260000 mean = 1.50 std = 3.01
[EVAL] step = 270000 mean = 1.50 std = 3.01
[EVAL] step = 280000 mean = 1.50 std = 3.01
[EVAL] step = 290000 mean = 1.50 std = 3.01
[EVAL] step = 300000 mean = 1.50 std = 3.01
[EVAL] step = 310000 mean = 1.50 std = 3.01
[EVAL] step = 320000 mean = 1.50 std = 3.01
[EVAL] step = 330000 mean = 1.50 std = 3.01
[EVAL] step = 340000 mean = 1.50 std = 3.01
[EVAL] step = 350000 mean = 1.50 std = 3.01
[EVAL] step = 360000 mean = 1.50 std = 3.01
[EVAL] step = 370000 mean = 1.50 std = 3.01
[EVAL] step = 380000 mean = 1.50 std = 3.01
[EVAL] step = 390000 mean = 1.50 std = 3.01
[EVAL] step = 400000 mean = 1.50 std = 3.01
[EVAL] step = 410000 mean = 1.50 std = 3.01
[EVAL] step = 420000 mean = 1.50 std = 3.01
[EVAL] step = 430000 mean = 1.50 std = 3.01
[EVAL] step = 440000 mean = 0.10 std = 0.30
[EVAL] step = 450000 mean = 1.40 std = 3.58
[EVAL] step = 460000 mean = 0.00 std = 0.00
[EVAL] step = 470000 mean = 0.00 std = 0.00
[EVAL] step = 480000 mean = 0.00 std = 0.00
[EVAL] step = 490000 mean = 0.00 std = 0.00
[EVAL] step = 500000 mean = 0.00 std = 0.00
[EVAL] step = 510000 mean = 0.00 std = 0.00
[EVAL] step = 520000 mean = 0.00 std = 0.00
[EVAL] step = 530000 mean = 0.00 std = 0.00
[EVAL] step = 540000 mean = 0.00 std = 0.00
[EVAL] step = 550000 mean = 0.80 std = 2.40
[EVAL] step = 560000 mean = 0.00 std = 0.00
[EVAL] step = 570000 mean = 0.00 std = 0.00
[EVAL] step = 580000 mean = 0.00 std = 0.00
[EVAL] step = 590000 mean = 0.00 std = 0.00
[EVAL] step = 600000 mean = 0.00 std = 0.00
[EVAL] step = 610000 mean = 0.00 std = 0.00
[EVAL] step = 620000 mean = 0.20 std = 0.60
[EVAL] step = 630000 mean = 0.90 std = 2.39
[EVAL] step = 640000 mean = 2.20 std = 4.49
[EVAL] step = 650000 mean = 0.90 std = 2.70
[EVAL] step = 660000 mean = 0.90 std = 2.12
[EVAL] step = 670000 mean = 1.50 std = 3.01
[EVAL] step = 680000 mean = 1.40 std = 2.84
[EVAL] step = 690000 mean = 0.90 std = 2.39
[EVAL] step = 700000 mean = 0.80 std = 1.66
[EVAL] step = 710000 mean = 1.40 std = 3.32
[EVAL] step = 720000 mean = 0.00 std = 0.00
[EVAL] step = 730000 mean = 0.00 std = 0.00
[EVAL] step = 740000 mean = 0.00 std = 0.00
[EVAL] step = 750000 mean = 0.00 std = 0.00
[EVAL] step = 760000 mean = 0.00 std = 0.00
[EVAL] step = 770000 mean = 0.00 std = 0.00
[EVAL] step = 780000 mean = 0.00 std = 0.00
[EVAL] step = 790000 mean = 0.00 std = 0.00
[EVAL] step = 800000 mean = 0.00 std = 0.00
[EVAL] step = 810000 mean = 0.00 std = 0.00
[EVAL] step = 820000 mean = 0.00 std = 0.00
[EVAL] step = 830000 mean = 0.00 std = 0.00
[EVAL] step = 840000 mean = 0.00 std = 0.00
[EVAL] step = 850000 mean = 0.00 std = 0.00
[EVAL] step = 860000 mean = 0.00 std = 0.00
[EVAL] step = 870000 mean = 0.00 std = 0.00
[EVAL] step = 880000 mean = 0.00 std = 0.00
[EVAL] step = 890000 mean = 0.00 std = 0.00
[EVAL] step = 900000 mean = 0.00 std = 0.00
[EVAL] step = 910000 mean = 0.00 std = 0.00
[EVAL] step = 920000 mean = 0.00 std = 0.00
[EVAL] step = 930000 mean = 0.00 std = 0.00
[EVAL] step = 940000 mean = 0.00 std = 0.00
[EVAL] step = 950000 mean = 0.00 std = 0.00
[EVAL] step = 960000 mean = 0.00 std = 0.00
[EVAL] step = 970000 mean = 0.00 std = 0.00
[EVAL] step = 980000 mean = 0.00 std = 0.00
[EVAL] step = 990000 mean = 0.00 std = 0.00
[EVAL] step = 1000000 mean = 0.00 std = 0.00
=== seed 3 finished Wed May  6 23:35:11 CEST 2026 ===
=== AVG C LN clipped finger-spin seeds 1,2,3 finished Wed May  6 23:35:11 CEST 2026 ===
