=== TD3 HalfCheetah-v4 seed 2 started Sun May  3 20:43:29 CEST 2026 ===
/Users/Max/miniforge3/envs/streamrl_arm/lib/python3.10/site-packages/gymnasium/envs/registration.py:512: DeprecationWarning: [33mWARN: The environment HalfCheetah-v4 is out of date. You should consider upgrading to version `v5`.[0m
  logger.deprecation(
/Users/Max/miniforge3/envs/streamrl_arm/lib/python3.10/site-packages/gymnasium/envs/registration.py:512: DeprecationWarning: [33mWARN: The environment HalfCheetah-v4 is out of date. You should consider upgrading to version `v5`.[0m
  logger.deprecation(
[EVAL] step=10000 mean=-3.57 std=0.85
[EVAL] step=20000 mean=-3.72 std=0.85
[EVAL] step=30000 mean=-316.36 std=26.05
[EVAL] step=40000 mean=1329.53 std=662.84
[EVAL] step=50000 mean=2561.37 std=820.54
[EVAL] step=60000 mean=1979.91 std=1212.21
[EVAL] step=70000 mean=2620.87 std=659.60
[EVAL] step=80000 mean=3095.54 std=152.79
[EVAL] step=90000 mean=3155.97 std=427.18
[EVAL] step=100000 mean=2591.66 std=1233.68
[EVAL] step=110000 mean=2965.72 std=958.29
[EVAL] step=120000 mean=3042.09 std=1038.41
[EVAL] step=130000 mean=3556.30 std=202.65
[EVAL] step=140000 mean=3337.87 std=474.16
[EVAL] step=150000 mean=3710.31 std=94.60
[EVAL] step=160000 mean=3669.48 std=853.84
[EVAL] step=170000 mean=3779.77 std=734.80
[EVAL] step=180000 mean=3428.94 std=1432.04
[EVAL] step=190000 mean=3907.51 std=1069.78
[EVAL] step=200000 mean=3835.86 std=1149.14
[EVAL] step=210000 mean=4307.25 std=125.80
[EVAL] step=220000 mean=3702.97 std=1529.25
[EVAL] step=230000 mean=4039.29 std=372.05
[EVAL] step=240000 mean=3979.12 std=432.74
[EVAL] step=250000 mean=1409.26 std=1025.04
[EVAL] step=260000 mean=-312.91 std=268.29
[EVAL] step=270000 mean=-419.29 std=20.73
[EVAL] step=280000 mean=1875.96 std=230.53
[EVAL] step=290000 mean=1311.93 std=211.27
[EVAL] step=300000 mean=1924.55 std=192.91
[EVAL] step=310000 mean=1610.97 std=244.19
[EVAL] step=320000 mean=1396.71 std=576.29
[EVAL] step=330000 mean=1251.64 std=760.85
[EVAL] step=340000 mean=1077.02 std=1027.42
[EVAL] step=350000 mean=2344.16 std=263.86
[EVAL] step=360000 mean=2297.37 std=203.91
[EVAL] step=370000 mean=1764.56 std=770.69
[EVAL] step=380000 mean=1871.37 std=1230.69
[EVAL] step=390000 mean=2081.39 std=1091.34
[EVAL] step=400000 mean=2344.26 std=1306.09
[EVAL] step=410000 mean=2893.93 std=95.94
[EVAL] step=420000 mean=2217.71 std=1507.63
[EVAL] step=430000 mean=3094.94 std=136.52
[EVAL] step=440000 mean=3273.93 std=522.86
[EVAL] step=450000 mean=3389.64 std=488.32
[EVAL] step=460000 mean=3413.41 std=583.10
[EVAL] step=470000 mean=2994.82 std=1348.14
[EVAL] step=480000 mean=3719.13 std=70.92
[EVAL] step=490000 mean=3386.88 std=1087.60
[EVAL] step=500000 mean=3976.84 std=114.53
[EVAL] step=510000 mean=3985.76 std=131.87
[EVAL] step=520000 mean=4019.21 std=236.20
[EVAL] step=530000 mean=4195.39 std=136.45
[EVAL] step=540000 mean=4392.16 std=90.42
[EVAL] step=550000 mean=4400.36 std=88.69
[EVAL] step=560000 mean=4317.97 std=390.08
[EVAL] step=570000 mean=4546.85 std=113.78
[EVAL] step=580000 mean=4653.33 std=49.79
[EVAL] step=590000 mean=4676.28 std=104.33
[EVAL] step=600000 mean=4747.90 std=120.17
[EVAL] step=610000 mean=4694.77 std=96.64
[EVAL] step=620000 mean=4723.72 std=85.82
[EVAL] step=630000 mean=4760.91 std=124.14
[EVAL] step=640000 mean=4771.17 std=89.32
[EVAL] step=650000 mean=4806.54 std=98.93
[EVAL] step=660000 mean=4800.69 std=132.60
[EVAL] step=670000 mean=4845.20 std=71.92
[EVAL] step=680000 mean=4842.06 std=47.96
[EVAL] step=690000 mean=4908.66 std=53.36
[EVAL] step=700000 mean=4944.77 std=108.73
[EVAL] step=710000 mean=4932.12 std=63.57
[EVAL] step=720000 mean=4950.78 std=105.55
[EVAL] step=730000 mean=4924.27 std=153.70
[EVAL] step=740000 mean=4924.97 std=72.12
[EVAL] step=750000 mean=5046.28 std=67.46
[EVAL] step=760000 mean=5077.09 std=73.37
[EVAL] step=770000 mean=5102.56 std=59.48
[EVAL] step=780000 mean=5015.26 std=102.47
[EVAL] step=790000 mean=5160.56 std=55.86
[EVAL] step=800000 mean=5122.78 std=104.44
[EVAL] step=810000 mean=5113.15 std=103.20
[EVAL] step=820000 mean=5119.35 std=79.09
[EVAL] step=830000 mean=5187.37 std=79.84
[EVAL] step=840000 mean=5272.56 std=73.40
[EVAL] step=850000 mean=5156.27 std=97.69
[EVAL] step=860000 mean=5224.03 std=87.22
[EVAL] step=870000 mean=5236.94 std=79.36
[EVAL] step=880000 mean=5249.79 std=79.74
[EVAL] step=890000 mean=5264.99 std=75.66
[EVAL] step=900000 mean=5305.34 std=54.05
[EVAL] step=910000 mean=5266.41 std=66.12
[EVAL] step=920000 mean=5351.63 std=93.14
[EVAL] step=930000 mean=5385.94 std=96.95
[EVAL] step=940000 mean=5368.80 std=87.74
[EVAL] step=950000 mean=5412.05 std=74.75
[EVAL] step=960000 mean=4978.46 std=1067.14
[EVAL] step=970000 mean=5428.56 std=101.47
[EVAL] step=980000 mean=5421.67 std=67.62
[EVAL] step=990000 mean=5508.06 std=39.01
[EVAL] step=1000000 mean=5530.71 std=83.68
=== TD3 HalfCheetah-v4 seed 2 finished Sun May  3 21:12:37 CEST 2026 ===
=== TD3 HalfCheetah-v4 seed 3 started Sun May  3 21:12:37 CEST 2026 ===
/Users/Max/miniforge3/envs/streamrl_arm/lib/python3.10/site-packages/gymnasium/envs/registration.py:512: DeprecationWarning: [33mWARN: The environment HalfCheetah-v4 is out of date. You should consider upgrading to version `v5`.[0m
  logger.deprecation(
/Users/Max/miniforge3/envs/streamrl_arm/lib/python3.10/site-packages/gymnasium/envs/registration.py:512: DeprecationWarning: [33mWARN: The environment HalfCheetah-v4 is out of date. You should consider upgrading to version `v5`.[0m
  logger.deprecation(
[EVAL] step=10000 mean=-2.52 std=0.94
[EVAL] step=20000 mean=-2.47 std=0.94
[EVAL] step=30000 mean=509.06 std=40.36
[EVAL] step=40000 mean=2587.18 std=142.48
[EVAL] step=50000 mean=3608.21 std=140.85
[EVAL] step=60000 mean=2741.45 std=938.70
[EVAL] step=70000 mean=3703.19 std=160.54
[EVAL] step=80000 mean=4036.76 std=332.26
[EVAL] step=90000 mean=2640.83 std=249.75
[EVAL] step=100000 mean=3227.92 std=377.84
[EVAL] step=110000 mean=3948.24 std=292.19
[EVAL] step=120000 mean=3986.26 std=840.96
[EVAL] step=130000 mean=3701.93 std=592.49
[EVAL] step=140000 mean=3450.17 std=408.95
[EVAL] step=150000 mean=3763.51 std=389.65
[EVAL] step=160000 mean=4117.58 std=290.48
[EVAL] step=170000 mean=4320.48 std=203.60
[EVAL] step=180000 mean=4456.69 std=360.49
[EVAL] step=190000 mean=4743.61 std=186.36
[EVAL] step=200000 mean=4726.83 std=751.00
[EVAL] step=210000 mean=5037.98 std=272.17
[EVAL] step=220000 mean=4907.04 std=190.56
[EVAL] step=230000 mean=5260.08 std=115.22
[EVAL] step=240000 mean=5310.67 std=151.53
[EVAL] step=250000 mean=5253.14 std=136.01
[EVAL] step=260000 mean=5442.92 std=85.51
[EVAL] step=270000 mean=5639.66 std=60.57
[EVAL] step=280000 mean=5579.96 std=61.52
[EVAL] step=290000 mean=5629.92 std=105.76
[EVAL] step=300000 mean=5659.77 std=70.23
[EVAL] step=310000 mean=5608.29 std=88.47
[EVAL] step=320000 mean=5812.37 std=72.68
[EVAL] step=330000 mean=5705.55 std=84.52
[EVAL] step=340000 mean=5781.88 std=117.41
[EVAL] step=350000 mean=5610.90 std=102.09
[EVAL] step=360000 mean=5655.08 std=45.59
[EVAL] step=370000 mean=5944.77 std=113.37
[EVAL] step=380000 mean=6060.33 std=137.41
[EVAL] step=390000 mean=5921.18 std=59.98
[EVAL] step=400000 mean=6091.57 std=77.04
[EVAL] step=410000 mean=6011.91 std=114.81
[EVAL] step=420000 mean=6250.38 std=90.06
[EVAL] step=430000 mean=6180.61 std=59.35
[EVAL] step=440000 mean=6296.04 std=105.87
[EVAL] step=450000 mean=6286.25 std=131.02
[EVAL] step=460000 mean=6204.29 std=44.63
[EVAL] step=470000 mean=6315.27 std=66.19
[EVAL] step=480000 mean=6297.57 std=83.06
[EVAL] step=490000 mean=6285.53 std=74.52
[EVAL] step=500000 mean=6256.22 std=107.17
[EVAL] step=510000 mean=6209.54 std=102.70
[EVAL] step=520000 mean=6413.42 std=102.73
[EVAL] step=530000 mean=6223.47 std=83.15
[EVAL] step=540000 mean=6364.31 std=86.81
[EVAL] step=550000 mean=6234.68 std=62.42
[EVAL] step=560000 mean=6264.05 std=146.17
[EVAL] step=570000 mean=6461.36 std=45.70
[EVAL] step=580000 mean=6130.82 std=72.09
[EVAL] step=590000 mean=6357.96 std=76.86
[EVAL] step=600000 mean=6417.68 std=35.18
[EVAL] step=610000 mean=6416.41 std=61.00
[EVAL] step=620000 mean=6433.11 std=58.33
[EVAL] step=630000 mean=6383.49 std=56.77
[EVAL] step=640000 mean=6388.17 std=52.50
[EVAL] step=650000 mean=6331.12 std=95.11
[EVAL] step=660000 mean=6425.33 std=58.01
[EVAL] step=670000 mean=6352.74 std=83.50
[EVAL] step=680000 mean=6401.76 std=52.33
[EVAL] step=690000 mean=6461.17 std=54.68
[EVAL] step=700000 mean=6399.02 std=70.60
[EVAL] step=710000 mean=6467.56 std=49.94
[EVAL] step=720000 mean=6410.73 std=64.38
[EVAL] step=730000 mean=6532.12 std=48.61
[EVAL] step=740000 mean=6521.24 std=62.01
[EVAL] step=750000 mean=6532.03 std=70.18
[EVAL] step=760000 mean=6526.75 std=37.44
[EVAL] step=770000 mean=6517.85 std=43.06
[EVAL] step=780000 mean=6578.60 std=30.27
[EVAL] step=790000 mean=6583.20 std=52.83
[EVAL] step=800000 mean=6552.78 std=32.41
[EVAL] step=810000 mean=6487.30 std=66.76
[EVAL] step=820000 mean=6606.27 std=52.06
[EVAL] step=830000 mean=6649.40 std=25.74
[EVAL] step=840000 mean=6621.56 std=40.18
[EVAL] step=850000 mean=6520.38 std=33.30
[EVAL] step=860000 mean=6656.82 std=36.85
[EVAL] step=870000 mean=6559.97 std=85.75
[EVAL] step=880000 mean=6641.57 std=33.68
[EVAL] step=890000 mean=6658.00 std=54.10
[EVAL] step=900000 mean=6638.71 std=36.01
[EVAL] step=910000 mean=6657.54 std=55.03
[EVAL] step=920000 mean=6688.83 std=42.05
[EVAL] step=930000 mean=6612.75 std=56.45
[EVAL] step=940000 mean=6700.88 std=58.55
[EVAL] step=950000 mean=6602.60 std=51.46
[EVAL] step=960000 mean=6716.95 std=28.40
[EVAL] step=970000 mean=6671.48 std=41.58
[EVAL] step=980000 mean=6664.80 std=68.58
[EVAL] step=990000 mean=6649.42 std=46.62
[EVAL] step=1000000 mean=6585.33 std=56.55
=== TD3 HalfCheetah-v4 seed 3 finished Sun May  3 21:41:10 CEST 2026 ===
